running develop
/usr/lib/python3/dist-packages/setuptools/command/easy_install.py:363: UserWarning: Unbuilt egg for pytest-repeat [unknown version] (/usr/lib/python3/dist-packages)
  self.local_index = Environment(self.shadow_path + sys.path)
running egg_info
creating led_pkg.egg-info
writing led_pkg.egg-info/PKG-INFO
writing dependency_links to led_pkg.egg-info/dependency_links.txt
writing requirements to led_pkg.egg-info/requires.txt
writing top-level names to led_pkg.egg-info/top_level.txt
writing manifest file 'led_pkg.egg-info/SOURCES.txt'
reading manifest file 'led_pkg.egg-info/SOURCES.txt'
writing manifest file 'led_pkg.egg-info/SOURCES.txt'
running build_ext
Creating /home/roboff/documents/varsityWork/Stellenbosch/Robotics/Assignments/LEDactivity/install/led_pkg/lib/python3.12/site-packages/led-pkg.egg-link (link to .)

Installed /home/roboff/documents/varsityWork/Stellenbosch/Robotics/Assignments/LEDactivity/build/led_pkg
running symlink_data
creating /home/roboff/documents/varsityWork/Stellenbosch/Robotics/Assignments/LEDactivity/install/led_pkg/share/ament_index
creating /home/roboff/documents/varsityWork/Stellenbosch/Robotics/Assignments/LEDactivity/install/led_pkg/share/ament_index/resource_index
creating /home/roboff/documents/varsityWork/Stellenbosch/Robotics/Assignments/LEDactivity/install/led_pkg/share/ament_index/resource_index/packages
symbolically linking /home/roboff/documents/varsityWork/Stellenbosch/Robotics/Assignments/LEDactivity/build/led_pkg/resource/led_pkg -> /home/roboff/documents/varsityWork/Stellenbosch/Robotics/Assignments/LEDactivity/install/led_pkg/share/ament_index/resource_index/packages
symbolically linking /home/roboff/documents/varsityWork/Stellenbosch/Robotics/Assignments/LEDactivity/build/led_pkg/package.xml -> /home/roboff/documents/varsityWork/Stellenbosch/Robotics/Assignments/LEDactivity/install/led_pkg/share/led_pkg
