[0.168s] Invoking command in '/home/roboff/documents/varsityWork/Stellenbosch/Robotics/Assignments/A1/build/turtle_navigator_bringup': AMENT_PREFIX_PATH=/home/roboff/documents/varsityWork/Stellenbosch/Robotics/Assignments/A1/install/turtlesim_pkg:/home/roboff/documents/varsityWork/Stellenbosch/Robotics/Assignments/A1/install/turtle_navigator_bringup:/home/roboff/documents/varsityWork/Stellenbosch/Robotics/Assignments/Tester/install/robot_bringup:/home/roboff/documents/varsityWork/Stellenbosch/Robotics/Assignments/Tester/install/tester_pkg:/home/roboff/documents/varsityWork/Stellenbosch/Robotics/Assignments/Tester/install/tester_interfaces:/home/roboff/documents/varsityWork/Stellenbosch/Robotics/Assignments/LEDactivity/install/led_pkg:/home/roboff/documents/varsityWork/Stellenbosch/Robotics/Assignments/LEDactivity/install/led_interfaces:/opt/ros/jazzy CMAKE_PREFIX_PATH=${CMAKE_PREFIX_PATH}:/home/roboff/documents/varsityWork/Stellenbosch/Robotics/Assignments/A1/install/turtlesim_pkg:/home/roboff/documents/varsityWork/Stellenbosch/Robotics/Assignments/Tester/install/tester_pkg:/home/roboff/documents/varsityWork/Stellenbosch/Robotics/Assignments/LEDactivity/install/led_pkg:/opt/ros/jazzy /usr/bin/cmake /home/roboff/documents/varsityWork/Stellenbosch/Robotics/Assignments/A1/src/turtle_navigator_bringup -DAMENT_CMAKE_SYMLINK_INSTALL=1 -DCMAKE_INSTALL_PREFIX=/home/roboff/documents/varsityWork/Stellenbosch/Robotics/Assignments/A1/install/turtle_navigator_bringup
[0.426s] -- The C compiler identification is GNU 13.3.0
[1.148s] -- The CXX compiler identification is GNU 13.3.0
[1.752s] -- Detecting C compiler ABI info
[2.013s] -- Detecting C compiler ABI info - done
[2.020s] -- Check for working C compiler: /usr/bin/cc - skipped
[2.020s] -- Detecting C compile features
[2.021s] -- Detecting C compile features - done
[2.122s] -- Detecting CXX compiler ABI info
[2.376s] -- Detecting CXX compiler ABI info - done
[2.384s] -- Check for working CXX compiler: /usr/bin/c++ - skipped
[2.384s] -- Detecting CXX compile features
[2.384s] -- Detecting CXX compile features - done
[2.391s] -- Found ament_cmake: 2.5.3 (/opt/ros/jazzy/share/ament_cmake/cmake)
[2.510s] -- Found Python3: /usr/bin/python3 (found version "3.12.3") found components: Interpreter 
[2.577s] -- Override CMake install command with custom implementation using symlinks instead of copying resources
[2.698s] -- Configuring done (2.5s)
[2.702s] -- Generating done (0.0s)
[2.704s] -- Build files have been written to: /home/roboff/documents/varsityWork/Stellenbosch/Robotics/Assignments/A1/build/turtle_navigator_bringup
[2.709s] Invoked command in '/home/roboff/documents/varsityWork/Stellenbosch/Robotics/Assignments/A1/build/turtle_navigator_bringup' returned '0': AMENT_PREFIX_PATH=/home/roboff/documents/varsityWork/Stellenbosch/Robotics/Assignments/A1/install/turtlesim_pkg:/home/roboff/documents/varsityWork/Stellenbosch/Robotics/Assignments/A1/install/turtle_navigator_bringup:/home/roboff/documents/varsityWork/Stellenbosch/Robotics/Assignments/Tester/install/robot_bringup:/home/roboff/documents/varsityWork/Stellenbosch/Robotics/Assignments/Tester/install/tester_pkg:/home/roboff/documents/varsityWork/Stellenbosch/Robotics/Assignments/Tester/install/tester_interfaces:/home/roboff/documents/varsityWork/Stellenbosch/Robotics/Assignments/LEDactivity/install/led_pkg:/home/roboff/documents/varsityWork/Stellenbosch/Robotics/Assignments/LEDactivity/install/led_interfaces:/opt/ros/jazzy CMAKE_PREFIX_PATH=${CMAKE_PREFIX_PATH}:/home/roboff/documents/varsityWork/Stellenbosch/Robotics/Assignments/A1/install/turtlesim_pkg:/home/roboff/documents/varsityWork/Stellenbosch/Robotics/Assignments/Tester/install/tester_pkg:/home/roboff/documents/varsityWork/Stellenbosch/Robotics/Assignments/LEDactivity/install/led_pkg:/opt/ros/jazzy /usr/bin/cmake /home/roboff/documents/varsityWork/Stellenbosch/Robotics/Assignments/A1/src/turtle_navigator_bringup -DAMENT_CMAKE_SYMLINK_INSTALL=1 -DCMAKE_INSTALL_PREFIX=/home/roboff/documents/varsityWork/Stellenbosch/Robotics/Assignments/A1/install/turtle_navigator_bringup
[2.710s] Invoking command in '/home/roboff/documents/varsityWork/Stellenbosch/Robotics/Assignments/A1/build/turtle_navigator_bringup': AMENT_PREFIX_PATH=/home/roboff/documents/varsityWork/Stellenbosch/Robotics/Assignments/A1/install/turtlesim_pkg:/home/roboff/documents/varsityWork/Stellenbosch/Robotics/Assignments/A1/install/turtle_navigator_bringup:/home/roboff/documents/varsityWork/Stellenbosch/Robotics/Assignments/Tester/install/robot_bringup:/home/roboff/documents/varsityWork/Stellenbosch/Robotics/Assignments/Tester/install/tester_pkg:/home/roboff/documents/varsityWork/Stellenbosch/Robotics/Assignments/Tester/install/tester_interfaces:/home/roboff/documents/varsityWork/Stellenbosch/Robotics/Assignments/LEDactivity/install/led_pkg:/home/roboff/documents/varsityWork/Stellenbosch/Robotics/Assignments/LEDactivity/install/led_interfaces:/opt/ros/jazzy CMAKE_PREFIX_PATH=${CMAKE_PREFIX_PATH}:/home/roboff/documents/varsityWork/Stellenbosch/Robotics/Assignments/A1/install/turtlesim_pkg:/home/roboff/documents/varsityWork/Stellenbosch/Robotics/Assignments/Tester/install/tester_pkg:/home/roboff/documents/varsityWork/Stellenbosch/Robotics/Assignments/LEDactivity/install/led_pkg:/opt/ros/jazzy /usr/bin/cmake --build /home/roboff/documents/varsityWork/Stellenbosch/Robotics/Assignments/A1/build/turtle_navigator_bringup -- -j16 -l16
[2.738s] Invoked command in '/home/roboff/documents/varsityWork/Stellenbosch/Robotics/Assignments/A1/build/turtle_navigator_bringup' returned '0': AMENT_PREFIX_PATH=/home/roboff/documents/varsityWork/Stellenbosch/Robotics/Assignments/A1/install/turtlesim_pkg:/home/roboff/documents/varsityWork/Stellenbosch/Robotics/Assignments/A1/install/turtle_navigator_bringup:/home/roboff/documents/varsityWork/Stellenbosch/Robotics/Assignments/Tester/install/robot_bringup:/home/roboff/documents/varsityWork/Stellenbosch/Robotics/Assignments/Tester/install/tester_pkg:/home/roboff/documents/varsityWork/Stellenbosch/Robotics/Assignments/Tester/install/tester_interfaces:/home/roboff/documents/varsityWork/Stellenbosch/Robotics/Assignments/LEDactivity/install/led_pkg:/home/roboff/documents/varsityWork/Stellenbosch/Robotics/Assignments/LEDactivity/install/led_interfaces:/opt/ros/jazzy CMAKE_PREFIX_PATH=${CMAKE_PREFIX_PATH}:/home/roboff/documents/varsityWork/Stellenbosch/Robotics/Assignments/A1/install/turtlesim_pkg:/home/roboff/documents/varsityWork/Stellenbosch/Robotics/Assignments/Tester/install/tester_pkg:/home/roboff/documents/varsityWork/Stellenbosch/Robotics/Assignments/LEDactivity/install/led_pkg:/opt/ros/jazzy /usr/bin/cmake --build /home/roboff/documents/varsityWork/Stellenbosch/Robotics/Assignments/A1/build/turtle_navigator_bringup -- -j16 -l16
[2.745s] Invoking command in '/home/roboff/documents/varsityWork/Stellenbosch/Robotics/Assignments/A1/build/turtle_navigator_bringup': AMENT_PREFIX_PATH=/home/roboff/documents/varsityWork/Stellenbosch/Robotics/Assignments/A1/install/turtlesim_pkg:/home/roboff/documents/varsityWork/Stellenbosch/Robotics/Assignments/A1/install/turtle_navigator_bringup:/home/roboff/documents/varsityWork/Stellenbosch/Robotics/Assignments/Tester/install/robot_bringup:/home/roboff/documents/varsityWork/Stellenbosch/Robotics/Assignments/Tester/install/tester_pkg:/home/roboff/documents/varsityWork/Stellenbosch/Robotics/Assignments/Tester/install/tester_interfaces:/home/roboff/documents/varsityWork/Stellenbosch/Robotics/Assignments/LEDactivity/install/led_pkg:/home/roboff/documents/varsityWork/Stellenbosch/Robotics/Assignments/LEDactivity/install/led_interfaces:/opt/ros/jazzy CMAKE_PREFIX_PATH=${CMAKE_PREFIX_PATH}:/home/roboff/documents/varsityWork/Stellenbosch/Robotics/Assignments/A1/install/turtlesim_pkg:/home/roboff/documents/varsityWork/Stellenbosch/Robotics/Assignments/Tester/install/tester_pkg:/home/roboff/documents/varsityWork/Stellenbosch/Robotics/Assignments/LEDactivity/install/led_pkg:/opt/ros/jazzy /usr/bin/cmake --install /home/roboff/documents/varsityWork/Stellenbosch/Robotics/Assignments/A1/build/turtle_navigator_bringup
[2.750s] -- Install configuration: ""
[2.751s] -- Execute custom install script
[2.752s] -- Symlinking: /home/roboff/documents/varsityWork/Stellenbosch/Robotics/Assignments/A1/install/turtle_navigator_bringup/share/turtle_navigator_bringup/launch/turtle_navigator_app.launch.xml
[2.760s] -- Symlinking: /home/roboff/documents/varsityWork/Stellenbosch/Robotics/Assignments/A1/install/turtle_navigator_bringup/share/ament_index/resource_index/package_run_dependencies/turtle_navigator_bringup
[2.768s] -- Symlinking: /home/roboff/documents/varsityWork/Stellenbosch/Robotics/Assignments/A1/install/turtle_navigator_bringup/share/ament_index/resource_index/parent_prefix_path/turtle_navigator_bringup
[2.776s] -- Symlinking: /home/roboff/documents/varsityWork/Stellenbosch/Robotics/Assignments/A1/install/turtle_navigator_bringup/share/turtle_navigator_bringup/environment/ament_prefix_path.sh
[2.785s] -- Symlinking: /home/roboff/documents/varsityWork/Stellenbosch/Robotics/Assignments/A1/install/turtle_navigator_bringup/share/turtle_navigator_bringup/environment/ament_prefix_path.dsv
[2.792s] -- Symlinking: /home/roboff/documents/varsityWork/Stellenbosch/Robotics/Assignments/A1/install/turtle_navigator_bringup/share/turtle_navigator_bringup/environment/path.sh
[2.798s] -- Symlinking: /home/roboff/documents/varsityWork/Stellenbosch/Robotics/Assignments/A1/install/turtle_navigator_bringup/share/turtle_navigator_bringup/environment/path.dsv
[2.803s] -- Symlinking: /home/roboff/documents/varsityWork/Stellenbosch/Robotics/Assignments/A1/install/turtle_navigator_bringup/share/turtle_navigator_bringup/local_setup.bash
[2.809s] -- Symlinking: /home/roboff/documents/varsityWork/Stellenbosch/Robotics/Assignments/A1/install/turtle_navigator_bringup/share/turtle_navigator_bringup/local_setup.sh
[2.815s] -- Symlinking: /home/roboff/documents/varsityWork/Stellenbosch/Robotics/Assignments/A1/install/turtle_navigator_bringup/share/turtle_navigator_bringup/local_setup.zsh
[2.825s] -- Symlinking: /home/roboff/documents/varsityWork/Stellenbosch/Robotics/Assignments/A1/install/turtle_navigator_bringup/share/turtle_navigator_bringup/local_setup.dsv
[2.831s] -- Symlinking: /home/roboff/documents/varsityWork/Stellenbosch/Robotics/Assignments/A1/install/turtle_navigator_bringup/share/turtle_navigator_bringup/package.dsv
[2.839s] -- Symlinking: /home/roboff/documents/varsityWork/Stellenbosch/Robotics/Assignments/A1/install/turtle_navigator_bringup/share/ament_index/resource_index/packages/turtle_navigator_bringup
[2.845s] -- Symlinking: /home/roboff/documents/varsityWork/Stellenbosch/Robotics/Assignments/A1/install/turtle_navigator_bringup/share/turtle_navigator_bringup/cmake/turtle_navigator_bringupConfig.cmake
[2.851s] -- Symlinking: /home/roboff/documents/varsityWork/Stellenbosch/Robotics/Assignments/A1/install/turtle_navigator_bringup/share/turtle_navigator_bringup/cmake/turtle_navigator_bringupConfig-version.cmake
[2.858s] -- Symlinking: /home/roboff/documents/varsityWork/Stellenbosch/Robotics/Assignments/A1/install/turtle_navigator_bringup/share/turtle_navigator_bringup/package.xml
[2.867s] Invoked command in '/home/roboff/documents/varsityWork/Stellenbosch/Robotics/Assignments/A1/build/turtle_navigator_bringup' returned '0': AMENT_PREFIX_PATH=/home/roboff/documents/varsityWork/Stellenbosch/Robotics/Assignments/A1/install/turtlesim_pkg:/home/roboff/documents/varsityWork/Stellenbosch/Robotics/Assignments/A1/install/turtle_navigator_bringup:/home/roboff/documents/varsityWork/Stellenbosch/Robotics/Assignments/Tester/install/robot_bringup:/home/roboff/documents/varsityWork/Stellenbosch/Robotics/Assignments/Tester/install/tester_pkg:/home/roboff/documents/varsityWork/Stellenbosch/Robotics/Assignments/Tester/install/tester_interfaces:/home/roboff/documents/varsityWork/Stellenbosch/Robotics/Assignments/LEDactivity/install/led_pkg:/home/roboff/documents/varsityWork/Stellenbosch/Robotics/Assignments/LEDactivity/install/led_interfaces:/opt/ros/jazzy CMAKE_PREFIX_PATH=${CMAKE_PREFIX_PATH}:/home/roboff/documents/varsityWork/Stellenbosch/Robotics/Assignments/A1/install/turtlesim_pkg:/home/roboff/documents/varsityWork/Stellenbosch/Robotics/Assignments/Tester/install/tester_pkg:/home/roboff/documents/varsityWork/Stellenbosch/Robotics/Assignments/LEDactivity/install/led_pkg:/opt/ros/jazzy /usr/bin/cmake --install /home/roboff/documents/varsityWork/Stellenbosch/Robotics/Assignments/A1/build/turtle_navigator_bringup
