[1.309s] Invoking command in '/home/roboff/documents/varsityWork/Stellenbosch/Robotics/Assignments/LEDactivity/build/led_pkg': PYTHONPATH=/home/roboff/documents/varsityWork/Stellenbosch/Robotics/Assignments/LEDactivity/build/led_pkg/prefix_override:/usr/lib/python3/dist-packages/colcon_core/task/python/colcon_distutils_commands:/home/roboff/documents/varsityWork/Stellenbosch/Robotics/Assignments/LEDactivity/install/led_pkg/lib/python3.12/site-packages:/home/roboff/documents/varsityWork/Stellenbosch/Robotics/Assignments/LEDactivity/install/led_interfaces/lib/python3.12/site-packages:/home/roboff/documents/varsityWork/Stellenbosch/Robotics/Assignments/LEDactivity/install/led_pkg/lib/python3.12/site-packages:/home/roboff/documents/varsityWork/Stellenbosch/Robotics/Assignments/Tester/build/tester_pkg:/home/roboff/documents/varsityWork/Stellenbosch/Robotics/Assignments/Tester/install/tester_pkg/lib/python3.12/site-packages:/home/roboff/documents/varsityWork/Stellenbosch/Robotics/Assignments/Tester/install/tester_interfaces/lib/python3.12/site-packages:/opt/ros/jazzy/lib/python3.12/site-packages /usr/bin/python3 -W ignore:setup.py install is deprecated -W ignore:easy_install command is deprecated setup.py develop --editable --build-directory /home/roboff/documents/varsityWork/Stellenbosch/Robotics/Assignments/LEDactivity/build/led_pkg/build --no-deps symlink_data
[1.575s] running develop
[1.723s] /usr/lib/python3/dist-packages/setuptools/command/easy_install.py:363: UserWarning: Unbuilt egg for pytest-repeat [unknown version] (/usr/lib/python3/dist-packages)
[1.723s]   self.local_index = Environment(self.shadow_path + sys.path)
[1.753s] running egg_info
[1.770s] writing led_pkg.egg-info/PKG-INFO
[1.770s] writing dependency_links to led_pkg.egg-info/dependency_links.txt
[1.771s] writing entry points to led_pkg.egg-info/entry_points.txt
[1.771s] writing requirements to led_pkg.egg-info/requires.txt
[1.771s] writing top-level names to led_pkg.egg-info/top_level.txt
[1.805s] reading manifest file 'led_pkg.egg-info/SOURCES.txt'
[1.806s] writing manifest file 'led_pkg.egg-info/SOURCES.txt'
[1.824s] running build_ext
[1.825s] Creating /home/roboff/documents/varsityWork/Stellenbosch/Robotics/Assignments/LEDactivity/install/led_pkg/lib/python3.12/site-packages/led-pkg.egg-link (link to .)
[1.825s] Installing battery script to /home/roboff/documents/varsityWork/Stellenbosch/Robotics/Assignments/LEDactivity/install/led_pkg/lib/led_pkg
[1.826s] Installing led_panel script to /home/roboff/documents/varsityWork/Stellenbosch/Robotics/Assignments/LEDactivity/install/led_pkg/lib/led_pkg
[1.826s] 
[1.826s] Installed /home/roboff/documents/varsityWork/Stellenbosch/Robotics/Assignments/LEDactivity/build/led_pkg
[1.826s] running symlink_data
[1.851s] Invoked command in '/home/roboff/documents/varsityWork/Stellenbosch/Robotics/Assignments/LEDactivity/build/led_pkg' returned '0': PYTHONPATH=/home/roboff/documents/varsityWork/Stellenbosch/Robotics/Assignments/LEDactivity/build/led_pkg/prefix_override:/usr/lib/python3/dist-packages/colcon_core/task/python/colcon_distutils_commands:/home/roboff/documents/varsityWork/Stellenbosch/Robotics/Assignments/LEDactivity/install/led_pkg/lib/python3.12/site-packages:/home/roboff/documents/varsityWork/Stellenbosch/Robotics/Assignments/LEDactivity/install/led_interfaces/lib/python3.12/site-packages:/home/roboff/documents/varsityWork/Stellenbosch/Robotics/Assignments/LEDactivity/install/led_pkg/lib/python3.12/site-packages:/home/roboff/documents/varsityWork/Stellenbosch/Robotics/Assignments/Tester/build/tester_pkg:/home/roboff/documents/varsityWork/Stellenbosch/Robotics/Assignments/Tester/install/tester_pkg/lib/python3.12/site-packages:/home/roboff/documents/varsityWork/Stellenbosch/Robotics/Assignments/Tester/install/tester_interfaces/lib/python3.12/site-packages:/opt/ros/jazzy/lib/python3.12/site-packages /usr/bin/python3 -W ignore:setup.py install is deprecated -W ignore:easy_install command is deprecated setup.py develop --editable --build-directory /home/roboff/documents/varsityWork/Stellenbosch/Robotics/Assignments/LEDactivity/build/led_pkg/build --no-deps symlink_data
