running egg_info
creating ../../build/turtlesim_pkg/turtlesim_pkg.egg-info
writing ../../build/turtlesim_pkg/turtlesim_pkg.egg-info/PKG-INFO
writing dependency_links to ../../build/turtlesim_pkg/turtlesim_pkg.egg-info/dependency_links.txt
writing entry points to ../../build/turtlesim_pkg/turtlesim_pkg.egg-info/entry_points.txt
writing requirements to ../../build/turtlesim_pkg/turtlesim_pkg.egg-info/requires.txt
writing top-level names to ../../build/turtlesim_pkg/turtlesim_pkg.egg-info/top_level.txt
writing manifest file '../../build/turtlesim_pkg/turtlesim_pkg.egg-info/SOURCES.txt'
reading manifest file '../../build/turtlesim_pkg/turtlesim_pkg.egg-info/SOURCES.txt'
writing manifest file '../../build/turtlesim_pkg/turtlesim_pkg.egg-info/SOURCES.txt'
running build
running build_py
creating /home/roboff/documents/varsityWork/Stellenbosch/Robotics/Assignments/A1/build/turtlesim_pkg/build
creating /home/roboff/documents/varsityWork/Stellenbosch/Robotics/Assignments/A1/build/turtlesim_pkg/build/lib
creating /home/roboff/documents/varsityWork/Stellenbosch/Robotics/Assignments/A1/build/turtlesim_pkg/build/lib/turtlesim_pkg
copying turtlesim_pkg/turtle_move.py -> /home/roboff/documents/varsityWork/Stellenbosch/Robotics/Assignments/A1/build/turtlesim_pkg/build/lib/turtlesim_pkg
copying turtlesim_pkg/__init__.py -> /home/roboff/documents/varsityWork/Stellenbosch/Robotics/Assignments/A1/build/turtlesim_pkg/build/lib/turtlesim_pkg
running install
running install_lib
creating /home/roboff/documents/varsityWork/Stellenbosch/Robotics/Assignments/A1/install/turtlesim_pkg/lib/python3.12/site-packages/turtlesim_pkg
copying /home/roboff/documents/varsityWork/Stellenbosch/Robotics/Assignments/A1/build/turtlesim_pkg/build/lib/turtlesim_pkg/turtle_move.py -> /home/roboff/documents/varsityWork/Stellenbosch/Robotics/Assignments/A1/install/turtlesim_pkg/lib/python3.12/site-packages/turtlesim_pkg
copying /home/roboff/documents/varsityWork/Stellenbosch/Robotics/Assignments/A1/build/turtlesim_pkg/build/lib/turtlesim_pkg/__init__.py -> /home/roboff/documents/varsityWork/Stellenbosch/Robotics/Assignments/A1/install/turtlesim_pkg/lib/python3.12/site-packages/turtlesim_pkg
byte-compiling /home/roboff/documents/varsityWork/Stellenbosch/Robotics/Assignments/A1/install/turtlesim_pkg/lib/python3.12/site-packages/turtlesim_pkg/turtle_move.py to turtle_move.cpython-312.pyc
byte-compiling /home/roboff/documents/varsityWork/Stellenbosch/Robotics/Assignments/A1/install/turtlesim_pkg/lib/python3.12/site-packages/turtlesim_pkg/__init__.py to __init__.cpython-312.pyc
running install_data
creating /home/roboff/documents/varsityWork/Stellenbosch/Robotics/Assignments/A1/install/turtlesim_pkg/share/ament_index
creating /home/roboff/documents/varsityWork/Stellenbosch/Robotics/Assignments/A1/install/turtlesim_pkg/share/ament_index/resource_index
creating /home/roboff/documents/varsityWork/Stellenbosch/Robotics/Assignments/A1/install/turtlesim_pkg/share/ament_index/resource_index/packages
copying resource/turtlesim_pkg -> /home/roboff/documents/varsityWork/Stellenbosch/Robotics/Assignments/A1/install/turtlesim_pkg/share/ament_index/resource_index/packages
copying package.xml -> /home/roboff/documents/varsityWork/Stellenbosch/Robotics/Assignments/A1/install/turtlesim_pkg/share/turtlesim_pkg
running install_egg_info
Copying ../../build/turtlesim_pkg/turtlesim_pkg.egg-info to /home/roboff/documents/varsityWork/Stellenbosch/Robotics/Assignments/A1/install/turtlesim_pkg/lib/python3.12/site-packages/turtlesim_pkg-0.0.0-py3.12.egg-info
running install_scripts
Installing turtle_move script to /home/roboff/documents/varsityWork/Stellenbosch/Robotics/Assignments/A1/install/turtlesim_pkg/lib/turtlesim_pkg
writing list of installed files to '/home/roboff/documents/varsityWork/Stellenbosch/Robotics/Assignments/A1/build/turtlesim_pkg/install.log'
