[0.213s] DEBUG:colcon:Command line arguments: ['/usr/bin/colcon', 'build', '--symlink-install']
[0.213s] DEBUG:colcon:Parsed command line arguments: Namespace(log_base=None, log_level=None, verb_name='build', build_base='build', install_base='install', merge_install=False, symlink_install=True, test_result_base=None, continue_on_error=False, executor='parallel', parallel_workers=16, event_handlers=None, ignore_user_meta=False, metas=['./colcon.meta'], base_paths=['.'], packages_ignore=None, packages_ignore_regex=None, paths=None, packages_up_to=None, packages_up_to_regex=None, packages_above=None, packages_above_and_dependencies=None, packages_above_depth=None, packages_select_by_dep=None, packages_skip_by_dep=None, packages_skip_up_to=None, packages_select_build_failed=False, packages_skip_build_finished=False, packages_select_test_failures=False, packages_skip_test_passed=False, packages_select=None, packages_skip=None, packages_select_regex=None, packages_skip_regex=None, packages_start=None, packages_end=None, allow_overriding=[], cmake_args=None, cmake_target=None, cmake_target_skip_unavailable=False, cmake_clean_cache=False, cmake_clean_first=False, cmake_force_configure=False, ament_cmake_args=None, catkin_cmake_args=None, catkin_skip_building_tests=False, mixin_files=None, mixin=None, verb_parser=<colcon_mixin.mixin.mixin_argument.MixinArgumentDecorator object at 0x7fa2c528b230>, verb_extension=<colcon_core.verb.build.BuildVerb object at 0x7fa2c528aff0>, main=<bound method BuildVerb.main of <colcon_core.verb.build.BuildVerb object at 0x7fa2c528aff0>>, mixin_verb=('build',))
[0.266s] Level 1:colcon.colcon_core.package_discovery:discover_packages(colcon_meta) check parameters
[0.266s] Level 1:colcon.colcon_core.package_discovery:discover_packages(recursive) check parameters
[0.266s] Level 1:colcon.colcon_core.package_discovery:discover_packages(ignore) check parameters
[0.266s] Level 1:colcon.colcon_core.package_discovery:discover_packages(path) check parameters
[0.266s] Level 1:colcon.colcon_core.package_discovery:discover_packages(colcon_meta) discover
[0.266s] Level 1:colcon.colcon_core.package_discovery:discover_packages(recursive) discover
[0.266s] INFO:colcon.colcon_core.package_discovery:Crawling recursively for packages in '/home/roboff/documents/varsityWork/Stellenbosch/Robotics/Assignments/A1'
[0.266s] Level 1:colcon.colcon_core.package_identification:_identify(.) by extensions ['ignore', 'ignore_ament_install']
[0.266s] Level 1:colcon.colcon_core.package_identification:_identify(.) by extension 'ignore'
[0.266s] Level 1:colcon.colcon_core.package_identification:_identify(.) by extension 'ignore_ament_install'
[0.266s] Level 1:colcon.colcon_core.package_identification:_identify(.) by extensions ['colcon_pkg']
[0.266s] Level 1:colcon.colcon_core.package_identification:_identify(.) by extension 'colcon_pkg'
[0.266s] Level 1:colcon.colcon_core.package_identification:_identify(.) by extensions ['colcon_meta']
[0.266s] Level 1:colcon.colcon_core.package_identification:_identify(.) by extension 'colcon_meta'
[0.266s] Level 1:colcon.colcon_core.package_identification:_identify(.) by extensions ['ros']
[0.266s] Level 1:colcon.colcon_core.package_identification:_identify(.) by extension 'ros'
[0.284s] Level 1:colcon.colcon_core.package_identification:_identify(.) by extensions ['cmake', 'python']
[0.284s] Level 1:colcon.colcon_core.package_identification:_identify(.) by extension 'cmake'
[0.284s] Level 1:colcon.colcon_core.package_identification:_identify(.) by extension 'python'
[0.284s] Level 1:colcon.colcon_core.package_identification:_identify(.) by extensions ['python_setup_py']
[0.284s] Level 1:colcon.colcon_core.package_identification:_identify(.) by extension 'python_setup_py'
[0.284s] Level 1:colcon.colcon_core.package_identification:_identify(build) by extensions ['ignore', 'ignore_ament_install']
[0.284s] Level 1:colcon.colcon_core.package_identification:_identify(build) by extension 'ignore'
[0.284s] Level 1:colcon.colcon_core.package_identification:_identify(build) ignored
[0.285s] Level 1:colcon.colcon_core.package_identification:_identify(install) by extensions ['ignore', 'ignore_ament_install']
[0.285s] Level 1:colcon.colcon_core.package_identification:_identify(install) by extension 'ignore'
[0.285s] Level 1:colcon.colcon_core.package_identification:_identify(install) ignored
[0.285s] Level 1:colcon.colcon_core.package_identification:_identify(log) by extensions ['ignore', 'ignore_ament_install']
[0.285s] Level 1:colcon.colcon_core.package_identification:_identify(log) by extension 'ignore'
[0.285s] Level 1:colcon.colcon_core.package_identification:_identify(log) ignored
[0.285s] Level 1:colcon.colcon_core.package_identification:_identify(src) by extensions ['ignore', 'ignore_ament_install']
[0.285s] Level 1:colcon.colcon_core.package_identification:_identify(src) by extension 'ignore'
[0.285s] Level 1:colcon.colcon_core.package_identification:_identify(src) by extension 'ignore_ament_install'
[0.285s] Level 1:colcon.colcon_core.package_identification:_identify(src) by extensions ['colcon_pkg']
[0.285s] Level 1:colcon.colcon_core.package_identification:_identify(src) by extension 'colcon_pkg'
[0.285s] Level 1:colcon.colcon_core.package_identification:_identify(src) by extensions ['colcon_meta']
[0.285s] Level 1:colcon.colcon_core.package_identification:_identify(src) by extension 'colcon_meta'
[0.285s] Level 1:colcon.colcon_core.package_identification:_identify(src) by extensions ['ros']
[0.285s] Level 1:colcon.colcon_core.package_identification:_identify(src) by extension 'ros'
[0.285s] Level 1:colcon.colcon_core.package_identification:_identify(src) by extensions ['cmake', 'python']
[0.286s] Level 1:colcon.colcon_core.package_identification:_identify(src) by extension 'cmake'
[0.286s] Level 1:colcon.colcon_core.package_identification:_identify(src) by extension 'python'
[0.286s] Level 1:colcon.colcon_core.package_identification:_identify(src) by extensions ['python_setup_py']
[0.286s] Level 1:colcon.colcon_core.package_identification:_identify(src) by extension 'python_setup_py'
[0.286s] Level 1:colcon.colcon_core.package_identification:_identify(src/turtle_navigator_bringup) by extensions ['ignore', 'ignore_ament_install']
[0.286s] Level 1:colcon.colcon_core.package_identification:_identify(src/turtle_navigator_bringup) by extension 'ignore'
[0.286s] Level 1:colcon.colcon_core.package_identification:_identify(src/turtle_navigator_bringup) by extension 'ignore_ament_install'
[0.286s] Level 1:colcon.colcon_core.package_identification:_identify(src/turtle_navigator_bringup) by extensions ['colcon_pkg']
[0.286s] Level 1:colcon.colcon_core.package_identification:_identify(src/turtle_navigator_bringup) by extension 'colcon_pkg'
[0.286s] Level 1:colcon.colcon_core.package_identification:_identify(src/turtle_navigator_bringup) by extensions ['colcon_meta']
[0.286s] Level 1:colcon.colcon_core.package_identification:_identify(src/turtle_navigator_bringup) by extension 'colcon_meta'
[0.286s] Level 1:colcon.colcon_core.package_identification:_identify(src/turtle_navigator_bringup) by extensions ['ros']
[0.286s] Level 1:colcon.colcon_core.package_identification:_identify(src/turtle_navigator_bringup) by extension 'ros'
[0.289s] DEBUG:colcon.colcon_core.package_identification:Package 'src/turtle_navigator_bringup' with type 'ros.ament_cmake' and name 'turtle_navigator_bringup'
[0.289s] Level 1:colcon.colcon_core.package_identification:_identify(src/turtlesim_pkg) by extensions ['ignore', 'ignore_ament_install']
[0.289s] Level 1:colcon.colcon_core.package_identification:_identify(src/turtlesim_pkg) by extension 'ignore'
[0.289s] Level 1:colcon.colcon_core.package_identification:_identify(src/turtlesim_pkg) by extension 'ignore_ament_install'
[0.289s] Level 1:colcon.colcon_core.package_identification:_identify(src/turtlesim_pkg) by extensions ['colcon_pkg']
[0.289s] Level 1:colcon.colcon_core.package_identification:_identify(src/turtlesim_pkg) by extension 'colcon_pkg'
[0.289s] Level 1:colcon.colcon_core.package_identification:_identify(src/turtlesim_pkg) by extensions ['colcon_meta']
[0.289s] Level 1:colcon.colcon_core.package_identification:_identify(src/turtlesim_pkg) by extension 'colcon_meta'
[0.289s] Level 1:colcon.colcon_core.package_identification:_identify(src/turtlesim_pkg) by extensions ['ros']
[0.289s] Level 1:colcon.colcon_core.package_identification:_identify(src/turtlesim_pkg) by extension 'ros'
[0.290s] DEBUG:colcon.colcon_core.package_identification:Package 'src/turtlesim_pkg' with type 'ros.ament_python' and name 'turtlesim_pkg'
[0.290s] Level 1:colcon.colcon_core.package_identification:_identify(video) by extensions ['ignore', 'ignore_ament_install']
[0.290s] Level 1:colcon.colcon_core.package_identification:_identify(video) by extension 'ignore'
[0.290s] Level 1:colcon.colcon_core.package_identification:_identify(video) by extension 'ignore_ament_install'
[0.290s] Level 1:colcon.colcon_core.package_identification:_identify(video) by extensions ['colcon_pkg']
[0.291s] Level 1:colcon.colcon_core.package_identification:_identify(video) by extension 'colcon_pkg'
[0.291s] Level 1:colcon.colcon_core.package_identification:_identify(video) by extensions ['colcon_meta']
[0.291s] Level 1:colcon.colcon_core.package_identification:_identify(video) by extension 'colcon_meta'
[0.291s] Level 1:colcon.colcon_core.package_identification:_identify(video) by extensions ['ros']
[0.291s] Level 1:colcon.colcon_core.package_identification:_identify(video) by extension 'ros'
[0.291s] Level 1:colcon.colcon_core.package_identification:_identify(video) by extensions ['cmake', 'python']
[0.291s] Level 1:colcon.colcon_core.package_identification:_identify(video) by extension 'cmake'
[0.291s] Level 1:colcon.colcon_core.package_identification:_identify(video) by extension 'python'
[0.291s] Level 1:colcon.colcon_core.package_identification:_identify(video) by extensions ['python_setup_py']
[0.291s] Level 1:colcon.colcon_core.package_identification:_identify(video) by extension 'python_setup_py'
[0.291s] Level 1:colcon.colcon_core.package_discovery:discover_packages(recursive) using defaults
[0.291s] Level 1:colcon.colcon_core.package_discovery:discover_packages(ignore) discover
[0.291s] Level 1:colcon.colcon_core.package_discovery:discover_packages(ignore) using defaults
[0.291s] Level 1:colcon.colcon_core.package_discovery:discover_packages(path) discover
[0.291s] Level 1:colcon.colcon_core.package_discovery:discover_packages(path) using defaults
[0.313s] Level 1:colcon.colcon_core.package_discovery:discover_packages(prefix_path) check parameters
[0.313s] Level 1:colcon.colcon_core.package_discovery:discover_packages(prefix_path) discover
[0.315s] WARNING:colcon.colcon_ros.prefix_path.ament:The path '/home/roboff/documents/varsityWork/Stellenbosch/Robotics/Assignments/A1/install/turtle_navigator_bringup' in the environment variable AMENT_PREFIX_PATH doesn't exist
[0.315s] WARNING:colcon.colcon_ros.prefix_path.ament:The path '/home/roboff/documents/varsityWork/Stellenbosch/Robotics/Assignments/A1/install/turtlesim_pkg' in the environment variable AMENT_PREFIX_PATH doesn't exist
[0.316s] WARNING:colcon.colcon_ros.prefix_path.catkin:The path '/home/roboff/documents/varsityWork/Stellenbosch/Robotics/Assignments/A1/install/turtle_navigator_bringup' in the environment variable CMAKE_PREFIX_PATH doesn't exist
[0.317s] DEBUG:colcon.colcon_installed_package_information.package_discovery:Found 0 installed packages in /home/roboff/documents/varsityWork/Stellenbosch/Robotics/Assignments/A1/install
[0.317s] DEBUG:colcon.colcon_installed_package_information.package_discovery:Found 3 installed packages in /home/roboff/documents/varsityWork/Stellenbosch/Robotics/Assignments/Tester/install
[0.317s] DEBUG:colcon.colcon_installed_package_information.package_discovery:Found 2 installed packages in /home/roboff/documents/varsityWork/Stellenbosch/Robotics/Assignments/LEDactivity/install
[0.318s] DEBUG:colcon.colcon_installed_package_information.package_discovery:Found 285 installed packages in /opt/ros/jazzy
[0.319s] Level 1:colcon.colcon_core.package_discovery:discover_packages(prefix_path) using defaults
[0.352s] Level 5:colcon.colcon_core.verb:set package 'turtlesim_pkg' build argument 'cmake_args' from command line to 'None'
[0.353s] Level 5:colcon.colcon_core.verb:set package 'turtlesim_pkg' build argument 'cmake_target' from command line to 'None'
[0.353s] Level 5:colcon.colcon_core.verb:set package 'turtlesim_pkg' build argument 'cmake_target_skip_unavailable' from command line to 'False'
[0.353s] Level 5:colcon.colcon_core.verb:set package 'turtlesim_pkg' build argument 'cmake_clean_cache' from command line to 'False'
[0.353s] Level 5:colcon.colcon_core.verb:set package 'turtlesim_pkg' build argument 'cmake_clean_first' from command line to 'False'
[0.353s] Level 5:colcon.colcon_core.verb:set package 'turtlesim_pkg' build argument 'cmake_force_configure' from command line to 'False'
[0.353s] Level 5:colcon.colcon_core.verb:set package 'turtlesim_pkg' build argument 'ament_cmake_args' from command line to 'None'
[0.353s] Level 5:colcon.colcon_core.verb:set package 'turtlesim_pkg' build argument 'catkin_cmake_args' from command line to 'None'
[0.353s] Level 5:colcon.colcon_core.verb:set package 'turtlesim_pkg' build argument 'catkin_skip_building_tests' from command line to 'False'
[0.353s] DEBUG:colcon.colcon_core.verb:Building package 'turtlesim_pkg' with the following arguments: {'ament_cmake_args': None, 'build_base': '/home/roboff/documents/varsityWork/Stellenbosch/Robotics/Assignments/A1/build/turtlesim_pkg', 'catkin_cmake_args': None, 'catkin_skip_building_tests': False, 'cmake_args': None, 'cmake_clean_cache': False, 'cmake_clean_first': False, 'cmake_force_configure': False, 'cmake_target': None, 'cmake_target_skip_unavailable': False, 'install_base': '/home/roboff/documents/varsityWork/Stellenbosch/Robotics/Assignments/A1/install/turtlesim_pkg', 'merge_install': False, 'path': '/home/roboff/documents/varsityWork/Stellenbosch/Robotics/Assignments/A1/src/turtlesim_pkg', 'symlink_install': True, 'test_result_base': None}
[0.353s] Level 5:colcon.colcon_core.verb:set package 'turtle_navigator_bringup' build argument 'cmake_args' from command line to 'None'
[0.353s] Level 5:colcon.colcon_core.verb:set package 'turtle_navigator_bringup' build argument 'cmake_target' from command line to 'None'
[0.353s] Level 5:colcon.colcon_core.verb:set package 'turtle_navigator_bringup' build argument 'cmake_target_skip_unavailable' from command line to 'False'
[0.353s] Level 5:colcon.colcon_core.verb:set package 'turtle_navigator_bringup' build argument 'cmake_clean_cache' from command line to 'False'
[0.353s] Level 5:colcon.colcon_core.verb:set package 'turtle_navigator_bringup' build argument 'cmake_clean_first' from command line to 'False'
[0.353s] Level 5:colcon.colcon_core.verb:set package 'turtle_navigator_bringup' build argument 'cmake_force_configure' from command line to 'False'
[0.353s] Level 5:colcon.colcon_core.verb:set package 'turtle_navigator_bringup' build argument 'ament_cmake_args' from command line to 'None'
[0.353s] Level 5:colcon.colcon_core.verb:set package 'turtle_navigator_bringup' build argument 'catkin_cmake_args' from command line to 'None'
[0.353s] Level 5:colcon.colcon_core.verb:set package 'turtle_navigator_bringup' build argument 'catkin_skip_building_tests' from command line to 'False'
[0.353s] DEBUG:colcon.colcon_core.verb:Building package 'turtle_navigator_bringup' with the following arguments: {'ament_cmake_args': None, 'build_base': '/home/roboff/documents/varsityWork/Stellenbosch/Robotics/Assignments/A1/build/turtle_navigator_bringup', 'catkin_cmake_args': None, 'catkin_skip_building_tests': False, 'cmake_args': None, 'cmake_clean_cache': False, 'cmake_clean_first': False, 'cmake_force_configure': False, 'cmake_target': None, 'cmake_target_skip_unavailable': False, 'install_base': '/home/roboff/documents/varsityWork/Stellenbosch/Robotics/Assignments/A1/install/turtle_navigator_bringup', 'merge_install': False, 'path': '/home/roboff/documents/varsityWork/Stellenbosch/Robotics/Assignments/A1/src/turtle_navigator_bringup', 'symlink_install': True, 'test_result_base': None}
[0.353s] INFO:colcon.colcon_core.executor:Executing jobs using 'parallel' executor
[0.354s] DEBUG:colcon.colcon_parallel_executor.executor.parallel:run_until_complete
[0.354s] INFO:colcon.colcon_ros.task.ament_python.build:Building ROS package in '/home/roboff/documents/varsityWork/Stellenbosch/Robotics/Assignments/A1/src/turtlesim_pkg' with build type 'ament_python'
[0.354s] Level 1:colcon.colcon_core.shell:create_environment_hook('turtlesim_pkg', 'ament_prefix_path')
[0.359s] INFO:colcon.colcon_core.plugin_system:Skipping extension 'colcon_core.shell.bat': Not used on non-Windows systems
[0.359s] INFO:colcon.colcon_core.shell:Creating environment hook '/home/roboff/documents/varsityWork/Stellenbosch/Robotics/Assignments/A1/install/turtlesim_pkg/share/turtlesim_pkg/hook/ament_prefix_path.ps1'
[0.360s] INFO:colcon.colcon_core.shell:Creating environment descriptor '/home/roboff/documents/varsityWork/Stellenbosch/Robotics/Assignments/A1/install/turtlesim_pkg/share/turtlesim_pkg/hook/ament_prefix_path.dsv'
[0.361s] INFO:colcon.colcon_core.shell:Creating environment hook '/home/roboff/documents/varsityWork/Stellenbosch/Robotics/Assignments/A1/install/turtlesim_pkg/share/turtlesim_pkg/hook/ament_prefix_path.sh'
[0.362s] INFO:colcon.colcon_core.shell:Skip shell extension 'powershell' for command environment: Not usable outside of PowerShell
[0.362s] DEBUG:colcon.colcon_core.shell:Skip shell extension 'dsv' for command environment
[0.530s] INFO:colcon.colcon_core.task.python.build:Building Python package in '/home/roboff/documents/varsityWork/Stellenbosch/Robotics/Assignments/A1/src/turtlesim_pkg'
[0.530s] INFO:colcon.colcon_core.shell:Skip shell extension 'powershell' for command environment: Not usable outside of PowerShell
[0.530s] DEBUG:colcon.colcon_core.shell:Skip shell extension 'dsv' for command environment
[1.282s] DEBUG:colcon.colcon_core.event_handler.log_command:Invoking command in '/home/roboff/documents/varsityWork/Stellenbosch/Robotics/Assignments/A1/build/turtlesim_pkg': PYTHONPATH=/home/roboff/documents/varsityWork/Stellenbosch/Robotics/Assignments/A1/build/turtlesim_pkg/prefix_override:/usr/lib/python3/dist-packages/colcon_core/task/python/colcon_distutils_commands:/home/roboff/documents/varsityWork/Stellenbosch/Robotics/Assignments/A1/install/turtlesim_pkg/lib/python3.12/site-packages:${PYTHONPATH} /usr/bin/python3 -W ignore:setup.py install is deprecated -W ignore:easy_install command is deprecated setup.py develop --editable --build-directory /home/roboff/documents/varsityWork/Stellenbosch/Robotics/Assignments/A1/build/turtlesim_pkg/build --no-deps symlink_data
[1.861s] Level 1:colcon.colcon_core.shell:create_environment_hook('turtlesim_pkg', 'pythonpath_develop')
[1.862s] INFO:colcon.colcon_core.shell:Creating environment hook '/home/roboff/documents/varsityWork/Stellenbosch/Robotics/Assignments/A1/build/turtlesim_pkg/share/turtlesim_pkg/hook/pythonpath_develop.ps1'
[1.862s] DEBUG:colcon.colcon_core.event_handler.log_command:Invoked command in '/home/roboff/documents/varsityWork/Stellenbosch/Robotics/Assignments/A1/build/turtlesim_pkg' returned '0': PYTHONPATH=/home/roboff/documents/varsityWork/Stellenbosch/Robotics/Assignments/A1/build/turtlesim_pkg/prefix_override:/usr/lib/python3/dist-packages/colcon_core/task/python/colcon_distutils_commands:/home/roboff/documents/varsityWork/Stellenbosch/Robotics/Assignments/A1/install/turtlesim_pkg/lib/python3.12/site-packages:${PYTHONPATH} /usr/bin/python3 -W ignore:setup.py install is deprecated -W ignore:easy_install command is deprecated setup.py develop --editable --build-directory /home/roboff/documents/varsityWork/Stellenbosch/Robotics/Assignments/A1/build/turtlesim_pkg/build --no-deps symlink_data
[1.863s] INFO:colcon.colcon_core.shell:Creating environment descriptor '/home/roboff/documents/varsityWork/Stellenbosch/Robotics/Assignments/A1/build/turtlesim_pkg/share/turtlesim_pkg/hook/pythonpath_develop.dsv'
[1.863s] INFO:colcon.colcon_core.shell:Creating environment hook '/home/roboff/documents/varsityWork/Stellenbosch/Robotics/Assignments/A1/build/turtlesim_pkg/share/turtlesim_pkg/hook/pythonpath_develop.sh'
[1.872s] Level 1:colcon.colcon_core.environment:checking '/home/roboff/documents/varsityWork/Stellenbosch/Robotics/Assignments/A1/install/turtlesim_pkg' for CMake module files
[1.873s] Level 1:colcon.colcon_core.environment:checking '/home/roboff/documents/varsityWork/Stellenbosch/Robotics/Assignments/A1/install/turtlesim_pkg' for CMake config files
[1.873s] Level 1:colcon.colcon_core.environment:checking '/home/roboff/documents/varsityWork/Stellenbosch/Robotics/Assignments/A1/install/turtlesim_pkg/lib'
[1.873s] Level 1:colcon.colcon_core.environment:checking '/home/roboff/documents/varsityWork/Stellenbosch/Robotics/Assignments/A1/install/turtlesim_pkg/bin'
[1.873s] Level 1:colcon.colcon_core.environment:checking '/home/roboff/documents/varsityWork/Stellenbosch/Robotics/Assignments/A1/install/turtlesim_pkg/lib/pkgconfig/turtlesim_pkg.pc'
[1.873s] Level 1:colcon.colcon_core.environment:checking '/home/roboff/documents/varsityWork/Stellenbosch/Robotics/Assignments/A1/install/turtlesim_pkg/lib/python3.12/site-packages'
[1.874s] Level 1:colcon.colcon_core.shell:create_environment_hook('turtlesim_pkg', 'pythonpath')
[1.874s] INFO:colcon.colcon_core.shell:Creating environment hook '/home/roboff/documents/varsityWork/Stellenbosch/Robotics/Assignments/A1/install/turtlesim_pkg/share/turtlesim_pkg/hook/pythonpath.ps1'
[1.874s] INFO:colcon.colcon_core.shell:Creating environment descriptor '/home/roboff/documents/varsityWork/Stellenbosch/Robotics/Assignments/A1/install/turtlesim_pkg/share/turtlesim_pkg/hook/pythonpath.dsv'
[1.874s] INFO:colcon.colcon_core.shell:Creating environment hook '/home/roboff/documents/varsityWork/Stellenbosch/Robotics/Assignments/A1/install/turtlesim_pkg/share/turtlesim_pkg/hook/pythonpath.sh'
[1.875s] Level 1:colcon.colcon_core.environment:checking '/home/roboff/documents/varsityWork/Stellenbosch/Robotics/Assignments/A1/install/turtlesim_pkg/bin'
[1.875s] Level 1:colcon.colcon_core.environment:create_environment_scripts_only(turtlesim_pkg)
[1.875s] INFO:colcon.colcon_core.shell:Creating package script '/home/roboff/documents/varsityWork/Stellenbosch/Robotics/Assignments/A1/install/turtlesim_pkg/share/turtlesim_pkg/package.ps1'
[1.876s] INFO:colcon.colcon_core.shell:Creating package descriptor '/home/roboff/documents/varsityWork/Stellenbosch/Robotics/Assignments/A1/install/turtlesim_pkg/share/turtlesim_pkg/package.dsv'
[1.877s] INFO:colcon.colcon_core.shell:Creating package script '/home/roboff/documents/varsityWork/Stellenbosch/Robotics/Assignments/A1/install/turtlesim_pkg/share/turtlesim_pkg/package.sh'
[1.877s] INFO:colcon.colcon_core.shell:Creating package script '/home/roboff/documents/varsityWork/Stellenbosch/Robotics/Assignments/A1/install/turtlesim_pkg/share/turtlesim_pkg/package.bash'
[1.878s] INFO:colcon.colcon_core.shell:Creating package script '/home/roboff/documents/varsityWork/Stellenbosch/Robotics/Assignments/A1/install/turtlesim_pkg/share/turtlesim_pkg/package.zsh'
[1.879s] Level 1:colcon.colcon_core.environment:create_file_with_runtime_dependencies(/home/roboff/documents/varsityWork/Stellenbosch/Robotics/Assignments/A1/install/turtlesim_pkg/share/colcon-core/packages/turtlesim_pkg)
[1.880s] INFO:colcon.colcon_ros.task.ament_cmake.build:Building ROS package in '/home/roboff/documents/varsityWork/Stellenbosch/Robotics/Assignments/A1/src/turtle_navigator_bringup' with build type 'ament_cmake'
[1.880s] INFO:colcon.colcon_cmake.task.cmake.build:Building CMake package in '/home/roboff/documents/varsityWork/Stellenbosch/Robotics/Assignments/A1/src/turtle_navigator_bringup'
[1.880s] INFO:colcon.colcon_core.shell:Skip shell extension 'powershell' for command environment: Not usable outside of PowerShell
[1.880s] DEBUG:colcon.colcon_core.shell:Skip shell extension 'dsv' for command environment
[2.049s] DEBUG:colcon.colcon_core.event_handler.log_command:Invoking command in '/home/roboff/documents/varsityWork/Stellenbosch/Robotics/Assignments/A1/build/turtle_navigator_bringup': AMENT_PREFIX_PATH=/home/roboff/documents/varsityWork/Stellenbosch/Robotics/Assignments/A1/install/turtlesim_pkg:/home/roboff/documents/varsityWork/Stellenbosch/Robotics/Assignments/A1/install/turtle_navigator_bringup:/home/roboff/documents/varsityWork/Stellenbosch/Robotics/Assignments/Tester/install/robot_bringup:/home/roboff/documents/varsityWork/Stellenbosch/Robotics/Assignments/Tester/install/tester_pkg:/home/roboff/documents/varsityWork/Stellenbosch/Robotics/Assignments/Tester/install/tester_interfaces:/home/roboff/documents/varsityWork/Stellenbosch/Robotics/Assignments/LEDactivity/install/led_pkg:/home/roboff/documents/varsityWork/Stellenbosch/Robotics/Assignments/LEDactivity/install/led_interfaces:/opt/ros/jazzy CMAKE_PREFIX_PATH=${CMAKE_PREFIX_PATH}:/home/roboff/documents/varsityWork/Stellenbosch/Robotics/Assignments/A1/install/turtlesim_pkg:/home/roboff/documents/varsityWork/Stellenbosch/Robotics/Assignments/Tester/install/tester_pkg:/home/roboff/documents/varsityWork/Stellenbosch/Robotics/Assignments/LEDactivity/install/led_pkg:/opt/ros/jazzy /usr/bin/cmake /home/roboff/documents/varsityWork/Stellenbosch/Robotics/Assignments/A1/src/turtle_navigator_bringup -DAMENT_CMAKE_SYMLINK_INSTALL=1 -DCMAKE_INSTALL_PREFIX=/home/roboff/documents/varsityWork/Stellenbosch/Robotics/Assignments/A1/install/turtle_navigator_bringup
[4.590s] DEBUG:colcon.colcon_core.event_handler.log_command:Invoked command in '/home/roboff/documents/varsityWork/Stellenbosch/Robotics/Assignments/A1/build/turtle_navigator_bringup' returned '0': AMENT_PREFIX_PATH=/home/roboff/documents/varsityWork/Stellenbosch/Robotics/Assignments/A1/install/turtlesim_pkg:/home/roboff/documents/varsityWork/Stellenbosch/Robotics/Assignments/A1/install/turtle_navigator_bringup:/home/roboff/documents/varsityWork/Stellenbosch/Robotics/Assignments/Tester/install/robot_bringup:/home/roboff/documents/varsityWork/Stellenbosch/Robotics/Assignments/Tester/install/tester_pkg:/home/roboff/documents/varsityWork/Stellenbosch/Robotics/Assignments/Tester/install/tester_interfaces:/home/roboff/documents/varsityWork/Stellenbosch/Robotics/Assignments/LEDactivity/install/led_pkg:/home/roboff/documents/varsityWork/Stellenbosch/Robotics/Assignments/LEDactivity/install/led_interfaces:/opt/ros/jazzy CMAKE_PREFIX_PATH=${CMAKE_PREFIX_PATH}:/home/roboff/documents/varsityWork/Stellenbosch/Robotics/Assignments/A1/install/turtlesim_pkg:/home/roboff/documents/varsityWork/Stellenbosch/Robotics/Assignments/Tester/install/tester_pkg:/home/roboff/documents/varsityWork/Stellenbosch/Robotics/Assignments/LEDactivity/install/led_pkg:/opt/ros/jazzy /usr/bin/cmake /home/roboff/documents/varsityWork/Stellenbosch/Robotics/Assignments/A1/src/turtle_navigator_bringup -DAMENT_CMAKE_SYMLINK_INSTALL=1 -DCMAKE_INSTALL_PREFIX=/home/roboff/documents/varsityWork/Stellenbosch/Robotics/Assignments/A1/install/turtle_navigator_bringup
[4.591s] DEBUG:colcon.colcon_core.event_handler.log_command:Invoking command in '/home/roboff/documents/varsityWork/Stellenbosch/Robotics/Assignments/A1/build/turtle_navigator_bringup': AMENT_PREFIX_PATH=/home/roboff/documents/varsityWork/Stellenbosch/Robotics/Assignments/A1/install/turtlesim_pkg:/home/roboff/documents/varsityWork/Stellenbosch/Robotics/Assignments/A1/install/turtle_navigator_bringup:/home/roboff/documents/varsityWork/Stellenbosch/Robotics/Assignments/Tester/install/robot_bringup:/home/roboff/documents/varsityWork/Stellenbosch/Robotics/Assignments/Tester/install/tester_pkg:/home/roboff/documents/varsityWork/Stellenbosch/Robotics/Assignments/Tester/install/tester_interfaces:/home/roboff/documents/varsityWork/Stellenbosch/Robotics/Assignments/LEDactivity/install/led_pkg:/home/roboff/documents/varsityWork/Stellenbosch/Robotics/Assignments/LEDactivity/install/led_interfaces:/opt/ros/jazzy CMAKE_PREFIX_PATH=${CMAKE_PREFIX_PATH}:/home/roboff/documents/varsityWork/Stellenbosch/Robotics/Assignments/A1/install/turtlesim_pkg:/home/roboff/documents/varsityWork/Stellenbosch/Robotics/Assignments/Tester/install/tester_pkg:/home/roboff/documents/varsityWork/Stellenbosch/Robotics/Assignments/LEDactivity/install/led_pkg:/opt/ros/jazzy /usr/bin/cmake --build /home/roboff/documents/varsityWork/Stellenbosch/Robotics/Assignments/A1/build/turtle_navigator_bringup -- -j16 -l16
[4.619s] DEBUG:colcon.colcon_core.event_handler.log_command:Invoked command in '/home/roboff/documents/varsityWork/Stellenbosch/Robotics/Assignments/A1/build/turtle_navigator_bringup' returned '0': AMENT_PREFIX_PATH=/home/roboff/documents/varsityWork/Stellenbosch/Robotics/Assignments/A1/install/turtlesim_pkg:/home/roboff/documents/varsityWork/Stellenbosch/Robotics/Assignments/A1/install/turtle_navigator_bringup:/home/roboff/documents/varsityWork/Stellenbosch/Robotics/Assignments/Tester/install/robot_bringup:/home/roboff/documents/varsityWork/Stellenbosch/Robotics/Assignments/Tester/install/tester_pkg:/home/roboff/documents/varsityWork/Stellenbosch/Robotics/Assignments/Tester/install/tester_interfaces:/home/roboff/documents/varsityWork/Stellenbosch/Robotics/Assignments/LEDactivity/install/led_pkg:/home/roboff/documents/varsityWork/Stellenbosch/Robotics/Assignments/LEDactivity/install/led_interfaces:/opt/ros/jazzy CMAKE_PREFIX_PATH=${CMAKE_PREFIX_PATH}:/home/roboff/documents/varsityWork/Stellenbosch/Robotics/Assignments/A1/install/turtlesim_pkg:/home/roboff/documents/varsityWork/Stellenbosch/Robotics/Assignments/Tester/install/tester_pkg:/home/roboff/documents/varsityWork/Stellenbosch/Robotics/Assignments/LEDactivity/install/led_pkg:/opt/ros/jazzy /usr/bin/cmake --build /home/roboff/documents/varsityWork/Stellenbosch/Robotics/Assignments/A1/build/turtle_navigator_bringup -- -j16 -l16
[4.625s] DEBUG:colcon.colcon_core.event_handler.log_command:Invoking command in '/home/roboff/documents/varsityWork/Stellenbosch/Robotics/Assignments/A1/build/turtle_navigator_bringup': AMENT_PREFIX_PATH=/home/roboff/documents/varsityWork/Stellenbosch/Robotics/Assignments/A1/install/turtlesim_pkg:/home/roboff/documents/varsityWork/Stellenbosch/Robotics/Assignments/A1/install/turtle_navigator_bringup:/home/roboff/documents/varsityWork/Stellenbosch/Robotics/Assignments/Tester/install/robot_bringup:/home/roboff/documents/varsityWork/Stellenbosch/Robotics/Assignments/Tester/install/tester_pkg:/home/roboff/documents/varsityWork/Stellenbosch/Robotics/Assignments/Tester/install/tester_interfaces:/home/roboff/documents/varsityWork/Stellenbosch/Robotics/Assignments/LEDactivity/install/led_pkg:/home/roboff/documents/varsityWork/Stellenbosch/Robotics/Assignments/LEDactivity/install/led_interfaces:/opt/ros/jazzy CMAKE_PREFIX_PATH=${CMAKE_PREFIX_PATH}:/home/roboff/documents/varsityWork/Stellenbosch/Robotics/Assignments/A1/install/turtlesim_pkg:/home/roboff/documents/varsityWork/Stellenbosch/Robotics/Assignments/Tester/install/tester_pkg:/home/roboff/documents/varsityWork/Stellenbosch/Robotics/Assignments/LEDactivity/install/led_pkg:/opt/ros/jazzy /usr/bin/cmake --install /home/roboff/documents/varsityWork/Stellenbosch/Robotics/Assignments/A1/build/turtle_navigator_bringup
[4.747s] Level 1:colcon.colcon_core.environment:create_environment_scripts_only(turtle_navigator_bringup)
[4.748s] Level 1:colcon.colcon_core.environment:checking '/home/roboff/documents/varsityWork/Stellenbosch/Robotics/Assignments/A1/install/turtle_navigator_bringup' for CMake module files
[4.748s] DEBUG:colcon.colcon_core.event_handler.log_command:Invoked command in '/home/roboff/documents/varsityWork/Stellenbosch/Robotics/Assignments/A1/build/turtle_navigator_bringup' returned '0': AMENT_PREFIX_PATH=/home/roboff/documents/varsityWork/Stellenbosch/Robotics/Assignments/A1/install/turtlesim_pkg:/home/roboff/documents/varsityWork/Stellenbosch/Robotics/Assignments/A1/install/turtle_navigator_bringup:/home/roboff/documents/varsityWork/Stellenbosch/Robotics/Assignments/Tester/install/robot_bringup:/home/roboff/documents/varsityWork/Stellenbosch/Robotics/Assignments/Tester/install/tester_pkg:/home/roboff/documents/varsityWork/Stellenbosch/Robotics/Assignments/Tester/install/tester_interfaces:/home/roboff/documents/varsityWork/Stellenbosch/Robotics/Assignments/LEDactivity/install/led_pkg:/home/roboff/documents/varsityWork/Stellenbosch/Robotics/Assignments/LEDactivity/install/led_interfaces:/opt/ros/jazzy CMAKE_PREFIX_PATH=${CMAKE_PREFIX_PATH}:/home/roboff/documents/varsityWork/Stellenbosch/Robotics/Assignments/A1/install/turtlesim_pkg:/home/roboff/documents/varsityWork/Stellenbosch/Robotics/Assignments/Tester/install/tester_pkg:/home/roboff/documents/varsityWork/Stellenbosch/Robotics/Assignments/LEDactivity/install/led_pkg:/opt/ros/jazzy /usr/bin/cmake --install /home/roboff/documents/varsityWork/Stellenbosch/Robotics/Assignments/A1/build/turtle_navigator_bringup
[4.749s] Level 1:colcon.colcon_core.environment:checking '/home/roboff/documents/varsityWork/Stellenbosch/Robotics/Assignments/A1/install/turtle_navigator_bringup' for CMake config files
[4.749s] Level 1:colcon.colcon_core.shell:create_environment_hook('turtle_navigator_bringup', 'cmake_prefix_path')
[4.749s] INFO:colcon.colcon_core.shell:Creating environment hook '/home/roboff/documents/varsityWork/Stellenbosch/Robotics/Assignments/A1/install/turtle_navigator_bringup/share/turtle_navigator_bringup/hook/cmake_prefix_path.ps1'
[4.750s] INFO:colcon.colcon_core.shell:Creating environment descriptor '/home/roboff/documents/varsityWork/Stellenbosch/Robotics/Assignments/A1/install/turtle_navigator_bringup/share/turtle_navigator_bringup/hook/cmake_prefix_path.dsv'
[4.750s] INFO:colcon.colcon_core.shell:Creating environment hook '/home/roboff/documents/varsityWork/Stellenbosch/Robotics/Assignments/A1/install/turtle_navigator_bringup/share/turtle_navigator_bringup/hook/cmake_prefix_path.sh'
[4.751s] Level 1:colcon.colcon_core.environment:checking '/home/roboff/documents/varsityWork/Stellenbosch/Robotics/Assignments/A1/install/turtle_navigator_bringup/bin'
[4.751s] Level 1:colcon.colcon_core.environment:checking '/home/roboff/documents/varsityWork/Stellenbosch/Robotics/Assignments/A1/install/turtle_navigator_bringup/lib/pkgconfig/turtle_navigator_bringup.pc'
[4.751s] Level 1:colcon.colcon_core.environment:checking '/home/roboff/documents/varsityWork/Stellenbosch/Robotics/Assignments/A1/install/turtle_navigator_bringup/lib/python3.12/site-packages'
[4.751s] Level 1:colcon.colcon_core.environment:checking '/home/roboff/documents/varsityWork/Stellenbosch/Robotics/Assignments/A1/install/turtle_navigator_bringup/bin'
[4.751s] INFO:colcon.colcon_core.shell:Creating package script '/home/roboff/documents/varsityWork/Stellenbosch/Robotics/Assignments/A1/install/turtle_navigator_bringup/share/turtle_navigator_bringup/package.ps1'
[4.752s] INFO:colcon.colcon_core.shell:Creating package descriptor '/home/roboff/documents/varsityWork/Stellenbosch/Robotics/Assignments/A1/install/turtle_navigator_bringup/share/turtle_navigator_bringup/package.dsv'
[4.752s] INFO:colcon.colcon_core.shell:Creating package script '/home/roboff/documents/varsityWork/Stellenbosch/Robotics/Assignments/A1/install/turtle_navigator_bringup/share/turtle_navigator_bringup/package.sh'
[4.752s] INFO:colcon.colcon_core.shell:Creating package script '/home/roboff/documents/varsityWork/Stellenbosch/Robotics/Assignments/A1/install/turtle_navigator_bringup/share/turtle_navigator_bringup/package.bash'
[4.752s] INFO:colcon.colcon_core.shell:Creating package script '/home/roboff/documents/varsityWork/Stellenbosch/Robotics/Assignments/A1/install/turtle_navigator_bringup/share/turtle_navigator_bringup/package.zsh'
[4.753s] Level 1:colcon.colcon_core.environment:create_file_with_runtime_dependencies(/home/roboff/documents/varsityWork/Stellenbosch/Robotics/Assignments/A1/install/turtle_navigator_bringup/share/colcon-core/packages/turtle_navigator_bringup)
[4.753s] Level 1:colcon.colcon_core.environment:create_environment_scripts_only(turtle_navigator_bringup)
[4.753s] Level 1:colcon.colcon_core.environment:checking '/home/roboff/documents/varsityWork/Stellenbosch/Robotics/Assignments/A1/install/turtle_navigator_bringup' for CMake module files
[4.754s] Level 1:colcon.colcon_core.environment:checking '/home/roboff/documents/varsityWork/Stellenbosch/Robotics/Assignments/A1/install/turtle_navigator_bringup' for CMake config files
[4.754s] Level 1:colcon.colcon_core.shell:create_environment_hook('turtle_navigator_bringup', 'cmake_prefix_path')
[4.754s] INFO:colcon.colcon_core.shell:Creating environment hook '/home/roboff/documents/varsityWork/Stellenbosch/Robotics/Assignments/A1/install/turtle_navigator_bringup/share/turtle_navigator_bringup/hook/cmake_prefix_path.ps1'
[4.754s] INFO:colcon.colcon_core.shell:Creating environment descriptor '/home/roboff/documents/varsityWork/Stellenbosch/Robotics/Assignments/A1/install/turtle_navigator_bringup/share/turtle_navigator_bringup/hook/cmake_prefix_path.dsv'
[4.755s] INFO:colcon.colcon_core.shell:Creating environment hook '/home/roboff/documents/varsityWork/Stellenbosch/Robotics/Assignments/A1/install/turtle_navigator_bringup/share/turtle_navigator_bringup/hook/cmake_prefix_path.sh'
[4.755s] Level 1:colcon.colcon_core.environment:checking '/home/roboff/documents/varsityWork/Stellenbosch/Robotics/Assignments/A1/install/turtle_navigator_bringup/bin'
[4.755s] Level 1:colcon.colcon_core.environment:checking '/home/roboff/documents/varsityWork/Stellenbosch/Robotics/Assignments/A1/install/turtle_navigator_bringup/lib/pkgconfig/turtle_navigator_bringup.pc'
[4.755s] Level 1:colcon.colcon_core.environment:checking '/home/roboff/documents/varsityWork/Stellenbosch/Robotics/Assignments/A1/install/turtle_navigator_bringup/lib/python3.12/site-packages'
[4.756s] Level 1:colcon.colcon_core.environment:checking '/home/roboff/documents/varsityWork/Stellenbosch/Robotics/Assignments/A1/install/turtle_navigator_bringup/bin'
[4.756s] INFO:colcon.colcon_core.shell:Creating package script '/home/roboff/documents/varsityWork/Stellenbosch/Robotics/Assignments/A1/install/turtle_navigator_bringup/share/turtle_navigator_bringup/package.ps1'
[4.756s] INFO:colcon.colcon_core.shell:Creating package descriptor '/home/roboff/documents/varsityWork/Stellenbosch/Robotics/Assignments/A1/install/turtle_navigator_bringup/share/turtle_navigator_bringup/package.dsv'
[4.757s] INFO:colcon.colcon_core.shell:Creating package script '/home/roboff/documents/varsityWork/Stellenbosch/Robotics/Assignments/A1/install/turtle_navigator_bringup/share/turtle_navigator_bringup/package.sh'
[4.757s] INFO:colcon.colcon_core.shell:Creating package script '/home/roboff/documents/varsityWork/Stellenbosch/Robotics/Assignments/A1/install/turtle_navigator_bringup/share/turtle_navigator_bringup/package.bash'
[4.757s] INFO:colcon.colcon_core.shell:Creating package script '/home/roboff/documents/varsityWork/Stellenbosch/Robotics/Assignments/A1/install/turtle_navigator_bringup/share/turtle_navigator_bringup/package.zsh'
[4.758s] Level 1:colcon.colcon_core.environment:create_file_with_runtime_dependencies(/home/roboff/documents/varsityWork/Stellenbosch/Robotics/Assignments/A1/install/turtle_navigator_bringup/share/colcon-core/packages/turtle_navigator_bringup)
[4.758s] DEBUG:colcon.colcon_parallel_executor.executor.parallel:closing loop
[4.758s] DEBUG:colcon.colcon_parallel_executor.executor.parallel:loop closed
[4.759s] DEBUG:colcon.colcon_parallel_executor.executor.parallel:run_until_complete finished with '0'
[4.759s] DEBUG:colcon.colcon_core.event_reactor:joining thread
[4.806s] INFO:colcon.colcon_core.plugin_system:Skipping extension 'colcon_notification.desktop_notification.notify_send': Could not find 'notify-send'
[4.806s] INFO:colcon.colcon_core.plugin_system:Skipping extension 'colcon_notification.desktop_notification.terminal_notifier': Not used on non-Darwin systems
[4.806s] INFO:colcon.colcon_core.plugin_system:Skipping extension 'colcon_notification.desktop_notification.win32': Not used on non-Windows systems
[4.806s] INFO:colcon.colcon_notification.desktop_notification:Sending desktop notification using 'notify2'
[4.807s] DEBUG:colcon.colcon_notification.desktop_notification.notify2:Failed to initialize notify2: org.freedesktop.DBus.Error.ServiceUnknown: The name org.freedesktop.Notifications was not provided by any .service files
[4.808s] DEBUG:colcon.colcon_core.event_reactor:joined thread
[4.808s] INFO:colcon.colcon_core.shell:Creating prefix script '/home/roboff/documents/varsityWork/Stellenbosch/Robotics/Assignments/A1/install/local_setup.ps1'
[4.809s] INFO:colcon.colcon_core.shell:Creating prefix util module '/home/roboff/documents/varsityWork/Stellenbosch/Robotics/Assignments/A1/install/_local_setup_util_ps1.py'
[4.810s] INFO:colcon.colcon_core.shell:Creating prefix chain script '/home/roboff/documents/varsityWork/Stellenbosch/Robotics/Assignments/A1/install/setup.ps1'
[4.811s] INFO:colcon.colcon_core.shell:Creating prefix script '/home/roboff/documents/varsityWork/Stellenbosch/Robotics/Assignments/A1/install/local_setup.sh'
[4.812s] INFO:colcon.colcon_core.shell:Creating prefix util module '/home/roboff/documents/varsityWork/Stellenbosch/Robotics/Assignments/A1/install/_local_setup_util_sh.py'
[4.813s] INFO:colcon.colcon_core.shell:Creating prefix chain script '/home/roboff/documents/varsityWork/Stellenbosch/Robotics/Assignments/A1/install/setup.sh'
[4.814s] INFO:colcon.colcon_core.shell:Creating prefix script '/home/roboff/documents/varsityWork/Stellenbosch/Robotics/Assignments/A1/install/local_setup.bash'
[4.814s] INFO:colcon.colcon_core.shell:Creating prefix chain script '/home/roboff/documents/varsityWork/Stellenbosch/Robotics/Assignments/A1/install/setup.bash'
[4.815s] INFO:colcon.colcon_core.shell:Creating prefix script '/home/roboff/documents/varsityWork/Stellenbosch/Robotics/Assignments/A1/install/local_setup.zsh'
[4.816s] INFO:colcon.colcon_core.shell:Creating prefix chain script '/home/roboff/documents/varsityWork/Stellenbosch/Robotics/Assignments/A1/install/setup.zsh'
