[  2%] Built target led_interfaces__rosidl_generator_type_description
[  2%] Built target ament_cmake_python_symlink_led_interfaces
[  4%] Built target led_interfaces__cpp
[ 22%] Built target led_interfaces__rosidl_generator_c
[ 31%] Built target led_interfaces__rosidl_typesupport_introspection_c
[ 40%] Built target led_interfaces__rosidl_typesupport_c
[ 50%] Built target led_interfaces__rosidl_typesupport_introspection_cpp
[ 59%] Built target led_interfaces__rosidl_typesupport_fastrtps_c
[ 68%] Built target led_interfaces__rosidl_typesupport_cpp
[ 77%] Built target led_interfaces__rosidl_typesupport_fastrtps_cpp
[ 77%] Built target led_interfaces
[ 79%] Built target led_interfaces__py
[ 86%] Built target led_interfaces__rosidl_generator_py
[100%] Built target led_interfaces_s__rosidl_typesupport_fastrtps_c
[100%] Built target led_interfaces_s__rosidl_typesupport_c
[100%] Built target led_interfaces_s__rosidl_typesupport_introspection_c
running egg_info
writing led_interfaces.egg-info/PKG-INFO
writing dependency_links to led_interfaces.egg-info/dependency_links.txt
writing top-level names to led_interfaces.egg-info/top_level.txt
reading manifest file 'led_interfaces.egg-info/SOURCES.txt'
writing manifest file 'led_interfaces.egg-info/SOURCES.txt'
[100%] Built target ament_cmake_python_build_led_interfaces_egg
-- Install configuration: ""
-- Execute custom install script
-- Up-to-date symlink: /home/roboff/documents/varsityWork/Stellenbosch/Robotics/Assignments/LEDactivity/install/led_interfaces/share/ament_index/resource_index/rosidl_interfaces/led_interfaces
-- Up-to-date symlink: /home/roboff/documents/varsityWork/Stellenbosch/Robotics/Assignments/LEDactivity/install/led_interfaces/share/led_interfaces/msg/LedPanelState.json
-- Up-to-date symlink: /home/roboff/documents/varsityWork/Stellenbosch/Robotics/Assignments/LEDactivity/install/led_interfaces/share/led_interfaces/srv/SetLED.json
-- Up-to-date symlink: /home/roboff/documents/varsityWork/Stellenbosch/Robotics/Assignments/LEDactivity/install/led_interfaces/include/led_interfaces/led_interfaces/msg/detail/led_panel_state__functions.h
-- Up-to-date symlink: /home/roboff/documents/varsityWork/Stellenbosch/Robotics/Assignments/LEDactivity/install/led_interfaces/include/led_interfaces/led_interfaces/msg/detail/led_panel_state__struct.h
-- Up-to-date symlink: /home/roboff/documents/varsityWork/Stellenbosch/Robotics/Assignments/LEDactivity/install/led_interfaces/include/led_interfaces/led_interfaces/msg/detail/led_panel_state__type_support.h
-- Up-to-date symlink: /home/roboff/documents/varsityWork/Stellenbosch/Robotics/Assignments/LEDactivity/install/led_interfaces/include/led_interfaces/led_interfaces/msg/led_panel_state.h
-- Up-to-date symlink: /home/roboff/documents/varsityWork/Stellenbosch/Robotics/Assignments/LEDactivity/install/led_interfaces/include/led_interfaces/led_interfaces/msg/rosidl_generator_c__visibility_control.h
-- Up-to-date symlink: /home/roboff/documents/varsityWork/Stellenbosch/Robotics/Assignments/LEDactivity/install/led_interfaces/include/led_interfaces/led_interfaces/srv/detail/set_led__functions.h
-- Up-to-date symlink: /home/roboff/documents/varsityWork/Stellenbosch/Robotics/Assignments/LEDactivity/install/led_interfaces/include/led_interfaces/led_interfaces/srv/detail/set_led__struct.h
-- Up-to-date symlink: /home/roboff/documents/varsityWork/Stellenbosch/Robotics/Assignments/LEDactivity/install/led_interfaces/include/led_interfaces/led_interfaces/srv/detail/set_led__type_support.h
-- Up-to-date symlink: /home/roboff/documents/varsityWork/Stellenbosch/Robotics/Assignments/LEDactivity/install/led_interfaces/include/led_interfaces/led_interfaces/srv/set_led.h
-- Up-to-date symlink: /home/roboff/documents/varsityWork/Stellenbosch/Robotics/Assignments/LEDactivity/install/led_interfaces/share/led_interfaces/environment/library_path.sh
-- Up-to-date symlink: /home/roboff/documents/varsityWork/Stellenbosch/Robotics/Assignments/LEDactivity/install/led_interfaces/share/led_interfaces/environment/library_path.dsv
-- Up-to-date symlink: /home/roboff/documents/varsityWork/Stellenbosch/Robotics/Assignments/LEDactivity/install/led_interfaces/include/led_interfaces/led_interfaces/msg/detail/led_panel_state__rosidl_typesupport_fastrtps_c.h
-- Up-to-date symlink: /home/roboff/documents/varsityWork/Stellenbosch/Robotics/Assignments/LEDactivity/install/led_interfaces/include/led_interfaces/led_interfaces/msg/rosidl_typesupport_fastrtps_c__visibility_control.h
-- Up-to-date symlink: /home/roboff/documents/varsityWork/Stellenbosch/Robotics/Assignments/LEDactivity/install/led_interfaces/include/led_interfaces/led_interfaces/srv/detail/set_led__rosidl_typesupport_fastrtps_c.h
-- Up-to-date symlink: /home/roboff/documents/varsityWork/Stellenbosch/Robotics/Assignments/LEDactivity/install/led_interfaces/include/led_interfaces/led_interfaces/msg/detail/led_panel_state__rosidl_typesupport_introspection_c.h
-- Up-to-date symlink: /home/roboff/documents/varsityWork/Stellenbosch/Robotics/Assignments/LEDactivity/install/led_interfaces/include/led_interfaces/led_interfaces/msg/rosidl_typesupport_introspection_c__visibility_control.h
-- Up-to-date symlink: /home/roboff/documents/varsityWork/Stellenbosch/Robotics/Assignments/LEDactivity/install/led_interfaces/include/led_interfaces/led_interfaces/srv/detail/set_led__rosidl_typesupport_introspection_c.h
-- Up-to-date symlink: /home/roboff/documents/varsityWork/Stellenbosch/Robotics/Assignments/LEDactivity/install/led_interfaces/include/led_interfaces/led_interfaces/msg/detail/led_panel_state__builder.hpp
-- Up-to-date symlink: /home/roboff/documents/varsityWork/Stellenbosch/Robotics/Assignments/LEDactivity/install/led_interfaces/include/led_interfaces/led_interfaces/msg/detail/led_panel_state__struct.hpp
-- Up-to-date symlink: /home/roboff/documents/varsityWork/Stellenbosch/Robotics/Assignments/LEDactivity/install/led_interfaces/include/led_interfaces/led_interfaces/msg/detail/led_panel_state__traits.hpp
-- Up-to-date symlink: /home/roboff/documents/varsityWork/Stellenbosch/Robotics/Assignments/LEDactivity/install/led_interfaces/include/led_interfaces/led_interfaces/msg/detail/led_panel_state__type_support.hpp
-- Up-to-date symlink: /home/roboff/documents/varsityWork/Stellenbosch/Robotics/Assignments/LEDactivity/install/led_interfaces/include/led_interfaces/led_interfaces/msg/led_panel_state.hpp
-- Up-to-date symlink: /home/roboff/documents/varsityWork/Stellenbosch/Robotics/Assignments/LEDactivity/install/led_interfaces/include/led_interfaces/led_interfaces/msg/rosidl_generator_cpp__visibility_control.hpp
-- Up-to-date symlink: /home/roboff/documents/varsityWork/Stellenbosch/Robotics/Assignments/LEDactivity/install/led_interfaces/include/led_interfaces/led_interfaces/srv/detail/set_led__builder.hpp
-- Up-to-date symlink: /home/roboff/documents/varsityWork/Stellenbosch/Robotics/Assignments/LEDactivity/install/led_interfaces/include/led_interfaces/led_interfaces/srv/detail/set_led__struct.hpp
-- Up-to-date symlink: /home/roboff/documents/varsityWork/Stellenbosch/Robotics/Assignments/LEDactivity/install/led_interfaces/include/led_interfaces/led_interfaces/srv/detail/set_led__traits.hpp
-- Up-to-date symlink: /home/roboff/documents/varsityWork/Stellenbosch/Robotics/Assignments/LEDactivity/install/led_interfaces/include/led_interfaces/led_interfaces/srv/detail/set_led__type_support.hpp
-- Up-to-date symlink: /home/roboff/documents/varsityWork/Stellenbosch/Robotics/Assignments/LEDactivity/install/led_interfaces/include/led_interfaces/led_interfaces/srv/set_led.hpp
-- Up-to-date symlink: /home/roboff/documents/varsityWork/Stellenbosch/Robotics/Assignments/LEDactivity/install/led_interfaces/include/led_interfaces/led_interfaces/msg/detail/led_panel_state__rosidl_typesupport_fastrtps_cpp.hpp
-- Up-to-date symlink: /home/roboff/documents/varsityWork/Stellenbosch/Robotics/Assignments/LEDactivity/install/led_interfaces/include/led_interfaces/led_interfaces/msg/rosidl_typesupport_fastrtps_cpp__visibility_control.h
-- Up-to-date symlink: /home/roboff/documents/varsityWork/Stellenbosch/Robotics/Assignments/LEDactivity/install/led_interfaces/include/led_interfaces/led_interfaces/srv/detail/set_led__rosidl_typesupport_fastrtps_cpp.hpp
-- Up-to-date symlink: /home/roboff/documents/varsityWork/Stellenbosch/Robotics/Assignments/LEDactivity/install/led_interfaces/include/led_interfaces/led_interfaces/msg/detail/led_panel_state__rosidl_typesupport_introspection_cpp.hpp
-- Up-to-date symlink: /home/roboff/documents/varsityWork/Stellenbosch/Robotics/Assignments/LEDactivity/install/led_interfaces/include/led_interfaces/led_interfaces/srv/detail/set_led__rosidl_typesupport_introspection_cpp.hpp
-- Up-to-date symlink: /home/roboff/documents/varsityWork/Stellenbosch/Robotics/Assignments/LEDactivity/install/led_interfaces/share/led_interfaces/environment/pythonpath.sh
-- Up-to-date symlink: /home/roboff/documents/varsityWork/Stellenbosch/Robotics/Assignments/LEDactivity/install/led_interfaces/share/led_interfaces/environment/pythonpath.dsv
-- Up-to-date symlink: /home/roboff/documents/varsityWork/Stellenbosch/Robotics/Assignments/LEDactivity/install/led_interfaces/lib/python3.12/site-packages/led_interfaces-0.0.0-py3.12.egg-info/PKG-INFO
-- Up-to-date symlink: /home/roboff/documents/varsityWork/Stellenbosch/Robotics/Assignments/LEDactivity/install/led_interfaces/lib/python3.12/site-packages/led_interfaces-0.0.0-py3.12.egg-info/SOURCES.txt
-- Up-to-date symlink: /home/roboff/documents/varsityWork/Stellenbosch/Robotics/Assignments/LEDactivity/install/led_interfaces/lib/python3.12/site-packages/led_interfaces-0.0.0-py3.12.egg-info/dependency_links.txt
-- Up-to-date symlink: /home/roboff/documents/varsityWork/Stellenbosch/Robotics/Assignments/LEDactivity/install/led_interfaces/lib/python3.12/site-packages/led_interfaces-0.0.0-py3.12.egg-info/top_level.txt
-- Up-to-date symlink: /home/roboff/documents/varsityWork/Stellenbosch/Robotics/Assignments/LEDactivity/install/led_interfaces/lib/python3.12/site-packages/led_interfaces/__init__.py
-- Up-to-date symlink: /home/roboff/documents/varsityWork/Stellenbosch/Robotics/Assignments/LEDactivity/install/led_interfaces/lib/python3.12/site-packages/led_interfaces/_led_interfaces_s.ep.rosidl_typesupport_c.c
-- Up-to-date symlink: /home/roboff/documents/varsityWork/Stellenbosch/Robotics/Assignments/LEDactivity/install/led_interfaces/lib/python3.12/site-packages/led_interfaces/_led_interfaces_s.ep.rosidl_typesupport_fastrtps_c.c
-- Up-to-date symlink: /home/roboff/documents/varsityWork/Stellenbosch/Robotics/Assignments/LEDactivity/install/led_interfaces/lib/python3.12/site-packages/led_interfaces/_led_interfaces_s.ep.rosidl_typesupport_introspection_c.c
-- Up-to-date symlink: /home/roboff/documents/varsityWork/Stellenbosch/Robotics/Assignments/LEDactivity/install/led_interfaces/lib/python3.12/site-packages/led_interfaces/led_interfaces_s__rosidl_typesupport_c.so
-- Up-to-date symlink: /home/roboff/documents/varsityWork/Stellenbosch/Robotics/Assignments/LEDactivity/install/led_interfaces/lib/python3.12/site-packages/led_interfaces/led_interfaces_s__rosidl_typesupport_fastrtps_c.so
-- Up-to-date symlink: /home/roboff/documents/varsityWork/Stellenbosch/Robotics/Assignments/LEDactivity/install/led_interfaces/lib/python3.12/site-packages/led_interfaces/led_interfaces_s__rosidl_typesupport_introspection_c.so
-- Up-to-date symlink: /home/roboff/documents/varsityWork/Stellenbosch/Robotics/Assignments/LEDactivity/install/led_interfaces/lib/python3.12/site-packages/led_interfaces/msg/__init__.py
-- Up-to-date symlink: /home/roboff/documents/varsityWork/Stellenbosch/Robotics/Assignments/LEDactivity/install/led_interfaces/lib/python3.12/site-packages/led_interfaces/msg/_led_panel_state.py
-- Up-to-date symlink: /home/roboff/documents/varsityWork/Stellenbosch/Robotics/Assignments/LEDactivity/install/led_interfaces/lib/python3.12/site-packages/led_interfaces/msg/_led_panel_state_s.c
-- Up-to-date symlink: /home/roboff/documents/varsityWork/Stellenbosch/Robotics/Assignments/LEDactivity/install/led_interfaces/lib/python3.12/site-packages/led_interfaces/srv/__init__.py
-- Up-to-date symlink: /home/roboff/documents/varsityWork/Stellenbosch/Robotics/Assignments/LEDactivity/install/led_interfaces/lib/python3.12/site-packages/led_interfaces/srv/_set_led.py
-- Up-to-date symlink: /home/roboff/documents/varsityWork/Stellenbosch/Robotics/Assignments/LEDactivity/install/led_interfaces/lib/python3.12/site-packages/led_interfaces/srv/_set_led_s.c
-- Up-to-date symlink: /home/roboff/documents/varsityWork/Stellenbosch/Robotics/Assignments/LEDactivity/install/led_interfaces/lib/python3.12/site-packages/led_interfaces/led_interfaces_s__rosidl_typesupport_fastrtps_c.so
-- Up-to-date symlink: /home/roboff/documents/varsityWork/Stellenbosch/Robotics/Assignments/LEDactivity/install/led_interfaces/lib/python3.12/site-packages/led_interfaces/led_interfaces_s__rosidl_typesupport_introspection_c.so
-- Up-to-date symlink: /home/roboff/documents/varsityWork/Stellenbosch/Robotics/Assignments/LEDactivity/install/led_interfaces/lib/python3.12/site-packages/led_interfaces/led_interfaces_s__rosidl_typesupport_c.so
-- Up-to-date symlink: /home/roboff/documents/varsityWork/Stellenbosch/Robotics/Assignments/LEDactivity/install/led_interfaces/share/led_interfaces/msg/LedPanelState.idl
-- Up-to-date symlink: /home/roboff/documents/varsityWork/Stellenbosch/Robotics/Assignments/LEDactivity/install/led_interfaces/share/led_interfaces/srv/SetLED.idl
-- Up-to-date symlink: /home/roboff/documents/varsityWork/Stellenbosch/Robotics/Assignments/LEDactivity/install/led_interfaces/share/led_interfaces/msg/LedPanelState.msg
-- Up-to-date symlink: /home/roboff/documents/varsityWork/Stellenbosch/Robotics/Assignments/LEDactivity/install/led_interfaces/share/led_interfaces/srv/SetLED.srv
-- Up-to-date symlink: /home/roboff/documents/varsityWork/Stellenbosch/Robotics/Assignments/LEDactivity/install/led_interfaces/share/ament_index/resource_index/package_run_dependencies/led_interfaces
-- Up-to-date symlink: /home/roboff/documents/varsityWork/Stellenbosch/Robotics/Assignments/LEDactivity/install/led_interfaces/share/ament_index/resource_index/parent_prefix_path/led_interfaces
-- Up-to-date symlink: /home/roboff/documents/varsityWork/Stellenbosch/Robotics/Assignments/LEDactivity/install/led_interfaces/share/led_interfaces/environment/ament_prefix_path.sh
-- Up-to-date symlink: /home/roboff/documents/varsityWork/Stellenbosch/Robotics/Assignments/LEDactivity/install/led_interfaces/share/led_interfaces/environment/ament_prefix_path.dsv
-- Up-to-date symlink: /home/roboff/documents/varsityWork/Stellenbosch/Robotics/Assignments/LEDactivity/install/led_interfaces/share/led_interfaces/environment/path.sh
-- Up-to-date symlink: /home/roboff/documents/varsityWork/Stellenbosch/Robotics/Assignments/LEDactivity/install/led_interfaces/share/led_interfaces/environment/path.dsv
-- Up-to-date symlink: /home/roboff/documents/varsityWork/Stellenbosch/Robotics/Assignments/LEDactivity/install/led_interfaces/share/led_interfaces/local_setup.bash
-- Up-to-date symlink: /home/roboff/documents/varsityWork/Stellenbosch/Robotics/Assignments/LEDactivity/install/led_interfaces/share/led_interfaces/local_setup.sh
-- Up-to-date symlink: /home/roboff/documents/varsityWork/Stellenbosch/Robotics/Assignments/LEDactivity/install/led_interfaces/share/led_interfaces/local_setup.zsh
-- Up-to-date symlink: /home/roboff/documents/varsityWork/Stellenbosch/Robotics/Assignments/LEDactivity/install/led_interfaces/share/led_interfaces/local_setup.dsv
-- Symlinking: /home/roboff/documents/varsityWork/Stellenbosch/Robotics/Assignments/LEDactivity/install/led_interfaces/share/led_interfaces/package.dsv
-- Up-to-date symlink: /home/roboff/documents/varsityWork/Stellenbosch/Robotics/Assignments/LEDactivity/install/led_interfaces/share/ament_index/resource_index/packages/led_interfaces
-- Up-to-date symlink: /home/roboff/documents/varsityWork/Stellenbosch/Robotics/Assignments/LEDactivity/install/led_interfaces/share/led_interfaces/cmake/rosidl_cmake-extras.cmake
-- Up-to-date symlink: /home/roboff/documents/varsityWork/Stellenbosch/Robotics/Assignments/LEDactivity/install/led_interfaces/share/led_interfaces/cmake/ament_cmake_export_dependencies-extras.cmake
-- Up-to-date symlink: /home/roboff/documents/varsityWork/Stellenbosch/Robotics/Assignments/LEDactivity/install/led_interfaces/share/led_interfaces/cmake/ament_cmake_export_include_directories-extras.cmake
-- Up-to-date symlink: /home/roboff/documents/varsityWork/Stellenbosch/Robotics/Assignments/LEDactivity/install/led_interfaces/share/led_interfaces/cmake/ament_cmake_export_libraries-extras.cmake
-- Up-to-date symlink: /home/roboff/documents/varsityWork/Stellenbosch/Robotics/Assignments/LEDactivity/install/led_interfaces/share/led_interfaces/cmake/ament_cmake_export_targets-extras.cmake
-- Up-to-date symlink: /home/roboff/documents/varsityWork/Stellenbosch/Robotics/Assignments/LEDactivity/install/led_interfaces/share/led_interfaces/cmake/rosidl_cmake_export_typesupport_targets-extras.cmake
-- Up-to-date symlink: /home/roboff/documents/varsityWork/Stellenbosch/Robotics/Assignments/LEDactivity/install/led_interfaces/share/led_interfaces/cmake/rosidl_cmake_export_typesupport_libraries-extras.cmake
-- Up-to-date symlink: /home/roboff/documents/varsityWork/Stellenbosch/Robotics/Assignments/LEDactivity/install/led_interfaces/share/led_interfaces/cmake/led_interfacesConfig.cmake
-- Up-to-date symlink: /home/roboff/documents/varsityWork/Stellenbosch/Robotics/Assignments/LEDactivity/install/led_interfaces/share/led_interfaces/cmake/led_interfacesConfig-version.cmake
-- Up-to-date symlink: /home/roboff/documents/varsityWork/Stellenbosch/Robotics/Assignments/LEDactivity/install/led_interfaces/share/led_interfaces/package.xml
-- Up-to-date: /home/roboff/documents/varsityWork/Stellenbosch/Robotics/Assignments/LEDactivity/install/led_interfaces/lib/libled_interfaces__rosidl_generator_c.so
-- Up-to-date: /home/roboff/documents/varsityWork/Stellenbosch/Robotics/Assignments/LEDactivity/install/led_interfaces/lib/libled_interfaces__rosidl_typesupport_fastrtps_c.so
-- Up-to-date: /home/roboff/documents/varsityWork/Stellenbosch/Robotics/Assignments/LEDactivity/install/led_interfaces/lib/libled_interfaces__rosidl_typesupport_introspection_c.so
-- Up-to-date: /home/roboff/documents/varsityWork/Stellenbosch/Robotics/Assignments/LEDactivity/install/led_interfaces/lib/libled_interfaces__rosidl_typesupport_c.so
-- Up-to-date: /home/roboff/documents/varsityWork/Stellenbosch/Robotics/Assignments/LEDactivity/install/led_interfaces/lib/libled_interfaces__rosidl_typesupport_fastrtps_cpp.so
-- Up-to-date: /home/roboff/documents/varsityWork/Stellenbosch/Robotics/Assignments/LEDactivity/install/led_interfaces/lib/libled_interfaces__rosidl_typesupport_introspection_cpp.so
-- Up-to-date: /home/roboff/documents/varsityWork/Stellenbosch/Robotics/Assignments/LEDactivity/install/led_interfaces/lib/libled_interfaces__rosidl_typesupport_cpp.so
Listing '/home/roboff/documents/varsityWork/Stellenbosch/Robotics/Assignments/LEDactivity/install/led_interfaces/lib/python3.12/site-packages/led_interfaces'...
Listing '/home/roboff/documents/varsityWork/Stellenbosch/Robotics/Assignments/LEDactivity/install/led_interfaces/lib/python3.12/site-packages/led_interfaces/msg'...
Listing '/home/roboff/documents/varsityWork/Stellenbosch/Robotics/Assignments/LEDactivity/install/led_interfaces/lib/python3.12/site-packages/led_interfaces/srv'...
-- Up-to-date: /home/roboff/documents/varsityWork/Stellenbosch/Robotics/Assignments/LEDactivity/install/led_interfaces/lib/libled_interfaces__rosidl_generator_py.so
-- Up-to-date: /home/roboff/documents/varsityWork/Stellenbosch/Robotics/Assignments/LEDactivity/install/led_interfaces/share/led_interfaces/cmake/export_led_interfaces__rosidl_generator_cExport.cmake
-- Up-to-date: /home/roboff/documents/varsityWork/Stellenbosch/Robotics/Assignments/LEDactivity/install/led_interfaces/share/led_interfaces/cmake/export_led_interfaces__rosidl_generator_cExport-noconfig.cmake
-- Up-to-date: /home/roboff/documents/varsityWork/Stellenbosch/Robotics/Assignments/LEDactivity/install/led_interfaces/share/led_interfaces/cmake/export_led_interfaces__rosidl_typesupport_fastrtps_cExport.cmake
-- Up-to-date: /home/roboff/documents/varsityWork/Stellenbosch/Robotics/Assignments/LEDactivity/install/led_interfaces/share/led_interfaces/cmake/export_led_interfaces__rosidl_typesupport_fastrtps_cExport-noconfig.cmake
-- Up-to-date: /home/roboff/documents/varsityWork/Stellenbosch/Robotics/Assignments/LEDactivity/install/led_interfaces/share/led_interfaces/cmake/led_interfaces__rosidl_typesupport_introspection_cExport.cmake
-- Up-to-date: /home/roboff/documents/varsityWork/Stellenbosch/Robotics/Assignments/LEDactivity/install/led_interfaces/share/led_interfaces/cmake/led_interfaces__rosidl_typesupport_introspection_cExport-noconfig.cmake
-- Up-to-date: /home/roboff/documents/varsityWork/Stellenbosch/Robotics/Assignments/LEDactivity/install/led_interfaces/share/led_interfaces/cmake/led_interfaces__rosidl_typesupport_cExport.cmake
-- Up-to-date: /home/roboff/documents/varsityWork/Stellenbosch/Robotics/Assignments/LEDactivity/install/led_interfaces/share/led_interfaces/cmake/led_interfaces__rosidl_typesupport_cExport-noconfig.cmake
-- Up-to-date: /home/roboff/documents/varsityWork/Stellenbosch/Robotics/Assignments/LEDactivity/install/led_interfaces/share/led_interfaces/cmake/export_led_interfaces__rosidl_generator_cppExport.cmake
-- Up-to-date: /home/roboff/documents/varsityWork/Stellenbosch/Robotics/Assignments/LEDactivity/install/led_interfaces/share/led_interfaces/cmake/export_led_interfaces__rosidl_typesupport_fastrtps_cppExport.cmake
-- Up-to-date: /home/roboff/documents/varsityWork/Stellenbosch/Robotics/Assignments/LEDactivity/install/led_interfaces/share/led_interfaces/cmake/export_led_interfaces__rosidl_typesupport_fastrtps_cppExport-noconfig.cmake
-- Up-to-date: /home/roboff/documents/varsityWork/Stellenbosch/Robotics/Assignments/LEDactivity/install/led_interfaces/share/led_interfaces/cmake/led_interfaces__rosidl_typesupport_introspection_cppExport.cmake
-- Up-to-date: /home/roboff/documents/varsityWork/Stellenbosch/Robotics/Assignments/LEDactivity/install/led_interfaces/share/led_interfaces/cmake/led_interfaces__rosidl_typesupport_introspection_cppExport-noconfig.cmake
-- Up-to-date: /home/roboff/documents/varsityWork/Stellenbosch/Robotics/Assignments/LEDactivity/install/led_interfaces/share/led_interfaces/cmake/led_interfaces__rosidl_typesupport_cppExport.cmake
-- Up-to-date: /home/roboff/documents/varsityWork/Stellenbosch/Robotics/Assignments/LEDactivity/install/led_interfaces/share/led_interfaces/cmake/led_interfaces__rosidl_typesupport_cppExport-noconfig.cmake
-- Up-to-date: /home/roboff/documents/varsityWork/Stellenbosch/Robotics/Assignments/LEDactivity/install/led_interfaces/share/led_interfaces/cmake/export_led_interfaces__rosidl_generator_pyExport.cmake
-- Up-to-date: /home/roboff/documents/varsityWork/Stellenbosch/Robotics/Assignments/LEDactivity/install/led_interfaces/share/led_interfaces/cmake/export_led_interfaces__rosidl_generator_pyExport-noconfig.cmake
