[0.015s] Invoking command in '/home/roboff/documents/varsityWork/Stellenbosch/Robotics/Assignments/LEDactivity/build/led_interfaces': CMAKE_PREFIX_PATH=${CMAKE_PREFIX_PATH}:/home/roboff/documents/varsityWork/Stellenbosch/Robotics/Assignments/LEDactivity/install/led_pkg:/home/roboff/documents/varsityWork/Stellenbosch/Robotics/Assignments/Tester/install/tester_pkg:/opt/ros/jazzy /usr/bin/cmake --build /home/roboff/documents/varsityWork/Stellenbosch/Robotics/Assignments/LEDactivity/build/led_interfaces -- -j16 -l16
[0.115s] [  2%] Built target led_interfaces__rosidl_generator_type_description
[0.123s] [  2%] Built target ament_cmake_python_symlink_led_interfaces
[0.132s] [  4%] Built target led_interfaces__cpp
[0.139s] [ 22%] Built target led_interfaces__rosidl_generator_c
[0.162s] [ 31%] Built target led_interfaces__rosidl_typesupport_introspection_c
[0.162s] [ 40%] Built target led_interfaces__rosidl_typesupport_c
[0.163s] [ 50%] Built target led_interfaces__rosidl_typesupport_introspection_cpp
[0.164s] [ 59%] Built target led_interfaces__rosidl_typesupport_fastrtps_c
[0.165s] [ 68%] Built target led_interfaces__rosidl_typesupport_cpp
[0.166s] [ 77%] Built target led_interfaces__rosidl_typesupport_fastrtps_cpp
[0.184s] [ 77%] Built target led_interfaces
[0.202s] [ 79%] Built target led_interfaces__py
[0.227s] [ 86%] Built target led_interfaces__rosidl_generator_py
[0.250s] [100%] Built target led_interfaces_s__rosidl_typesupport_fastrtps_c
[0.250s] [100%] Built target led_interfaces_s__rosidl_typesupport_c
[0.250s] [100%] Built target led_interfaces_s__rosidl_typesupport_introspection_c
[0.320s] running egg_info
[0.337s] writing led_interfaces.egg-info/PKG-INFO
[0.337s] writing dependency_links to led_interfaces.egg-info/dependency_links.txt
[0.337s] writing top-level names to led_interfaces.egg-info/top_level.txt
[0.389s] reading manifest file 'led_interfaces.egg-info/SOURCES.txt'
[0.390s] writing manifest file 'led_interfaces.egg-info/SOURCES.txt'
[0.414s] [100%] Built target ament_cmake_python_build_led_interfaces_egg
[0.425s] Invoked command in '/home/roboff/documents/varsityWork/Stellenbosch/Robotics/Assignments/LEDactivity/build/led_interfaces' returned '0': CMAKE_PREFIX_PATH=${CMAKE_PREFIX_PATH}:/home/roboff/documents/varsityWork/Stellenbosch/Robotics/Assignments/LEDactivity/install/led_pkg:/home/roboff/documents/varsityWork/Stellenbosch/Robotics/Assignments/Tester/install/tester_pkg:/opt/ros/jazzy /usr/bin/cmake --build /home/roboff/documents/varsityWork/Stellenbosch/Robotics/Assignments/LEDactivity/build/led_interfaces -- -j16 -l16
[0.435s] Invoking command in '/home/roboff/documents/varsityWork/Stellenbosch/Robotics/Assignments/LEDactivity/build/led_interfaces': CMAKE_PREFIX_PATH=${CMAKE_PREFIX_PATH}:/home/roboff/documents/varsityWork/Stellenbosch/Robotics/Assignments/LEDactivity/install/led_pkg:/home/roboff/documents/varsityWork/Stellenbosch/Robotics/Assignments/Tester/install/tester_pkg:/opt/ros/jazzy /usr/bin/cmake --install /home/roboff/documents/varsityWork/Stellenbosch/Robotics/Assignments/LEDactivity/build/led_interfaces
[0.443s] -- Install configuration: ""
[0.444s] -- Execute custom install script
[0.444s] -- Up-to-date symlink: /home/roboff/documents/varsityWork/Stellenbosch/Robotics/Assignments/LEDactivity/install/led_interfaces/share/ament_index/resource_index/rosidl_interfaces/led_interfaces
[0.445s] -- Up-to-date symlink: /home/roboff/documents/varsityWork/Stellenbosch/Robotics/Assignments/LEDactivity/install/led_interfaces/share/led_interfaces/msg/LedPanelState.json
[0.445s] -- Up-to-date symlink: /home/roboff/documents/varsityWork/Stellenbosch/Robotics/Assignments/LEDactivity/install/led_interfaces/share/led_interfaces/srv/SetLED.json
[0.448s] -- Up-to-date symlink: /home/roboff/documents/varsityWork/Stellenbosch/Robotics/Assignments/LEDactivity/install/led_interfaces/include/led_interfaces/led_interfaces/msg/detail/led_panel_state__functions.h
[0.448s] -- Up-to-date symlink: /home/roboff/documents/varsityWork/Stellenbosch/Robotics/Assignments/LEDactivity/install/led_interfaces/include/led_interfaces/led_interfaces/msg/detail/led_panel_state__struct.h
[0.449s] -- Up-to-date symlink: /home/roboff/documents/varsityWork/Stellenbosch/Robotics/Assignments/LEDactivity/install/led_interfaces/include/led_interfaces/led_interfaces/msg/detail/led_panel_state__type_support.h
[0.449s] -- Up-to-date symlink: /home/roboff/documents/varsityWork/Stellenbosch/Robotics/Assignments/LEDactivity/install/led_interfaces/include/led_interfaces/led_interfaces/msg/led_panel_state.h
[0.450s] -- Up-to-date symlink: /home/roboff/documents/varsityWork/Stellenbosch/Robotics/Assignments/LEDactivity/install/led_interfaces/include/led_interfaces/led_interfaces/msg/rosidl_generator_c__visibility_control.h
[0.450s] -- Up-to-date symlink: /home/roboff/documents/varsityWork/Stellenbosch/Robotics/Assignments/LEDactivity/install/led_interfaces/include/led_interfaces/led_interfaces/srv/detail/set_led__functions.h
[0.450s] -- Up-to-date symlink: /home/roboff/documents/varsityWork/Stellenbosch/Robotics/Assignments/LEDactivity/install/led_interfaces/include/led_interfaces/led_interfaces/srv/detail/set_led__struct.h
[0.451s] -- Up-to-date symlink: /home/roboff/documents/varsityWork/Stellenbosch/Robotics/Assignments/LEDactivity/install/led_interfaces/include/led_interfaces/led_interfaces/srv/detail/set_led__type_support.h
[0.451s] -- Up-to-date symlink: /home/roboff/documents/varsityWork/Stellenbosch/Robotics/Assignments/LEDactivity/install/led_interfaces/include/led_interfaces/led_interfaces/srv/set_led.h
[0.451s] -- Up-to-date symlink: /home/roboff/documents/varsityWork/Stellenbosch/Robotics/Assignments/LEDactivity/install/led_interfaces/share/led_interfaces/environment/library_path.sh
[0.452s] -- Up-to-date symlink: /home/roboff/documents/varsityWork/Stellenbosch/Robotics/Assignments/LEDactivity/install/led_interfaces/share/led_interfaces/environment/library_path.dsv
[0.453s] -- Up-to-date symlink: /home/roboff/documents/varsityWork/Stellenbosch/Robotics/Assignments/LEDactivity/install/led_interfaces/include/led_interfaces/led_interfaces/msg/detail/led_panel_state__rosidl_typesupport_fastrtps_c.h
[0.454s] -- Up-to-date symlink: /home/roboff/documents/varsityWork/Stellenbosch/Robotics/Assignments/LEDactivity/install/led_interfaces/include/led_interfaces/led_interfaces/msg/rosidl_typesupport_fastrtps_c__visibility_control.h
[0.454s] -- Up-to-date symlink: /home/roboff/documents/varsityWork/Stellenbosch/Robotics/Assignments/LEDactivity/install/led_interfaces/include/led_interfaces/led_interfaces/srv/detail/set_led__rosidl_typesupport_fastrtps_c.h
[0.455s] -- Up-to-date symlink: /home/roboff/documents/varsityWork/Stellenbosch/Robotics/Assignments/LEDactivity/install/led_interfaces/include/led_interfaces/led_interfaces/msg/detail/led_panel_state__rosidl_typesupport_introspection_c.h
[0.456s] -- Up-to-date symlink: /home/roboff/documents/varsityWork/Stellenbosch/Robotics/Assignments/LEDactivity/install/led_interfaces/include/led_interfaces/led_interfaces/msg/rosidl_typesupport_introspection_c__visibility_control.h
[0.456s] -- Up-to-date symlink: /home/roboff/documents/varsityWork/Stellenbosch/Robotics/Assignments/LEDactivity/install/led_interfaces/include/led_interfaces/led_interfaces/srv/detail/set_led__rosidl_typesupport_introspection_c.h
[0.458s] -- Up-to-date symlink: /home/roboff/documents/varsityWork/Stellenbosch/Robotics/Assignments/LEDactivity/install/led_interfaces/include/led_interfaces/led_interfaces/msg/detail/led_panel_state__builder.hpp
[0.458s] -- Up-to-date symlink: /home/roboff/documents/varsityWork/Stellenbosch/Robotics/Assignments/LEDactivity/install/led_interfaces/include/led_interfaces/led_interfaces/msg/detail/led_panel_state__struct.hpp
[0.458s] -- Up-to-date symlink: /home/roboff/documents/varsityWork/Stellenbosch/Robotics/Assignments/LEDactivity/install/led_interfaces/include/led_interfaces/led_interfaces/msg/detail/led_panel_state__traits.hpp
[0.459s] -- Up-to-date symlink: /home/roboff/documents/varsityWork/Stellenbosch/Robotics/Assignments/LEDactivity/install/led_interfaces/include/led_interfaces/led_interfaces/msg/detail/led_panel_state__type_support.hpp
[0.459s] -- Up-to-date symlink: /home/roboff/documents/varsityWork/Stellenbosch/Robotics/Assignments/LEDactivity/install/led_interfaces/include/led_interfaces/led_interfaces/msg/led_panel_state.hpp
[0.459s] -- Up-to-date symlink: /home/roboff/documents/varsityWork/Stellenbosch/Robotics/Assignments/LEDactivity/install/led_interfaces/include/led_interfaces/led_interfaces/msg/rosidl_generator_cpp__visibility_control.hpp
[0.460s] -- Up-to-date symlink: /home/roboff/documents/varsityWork/Stellenbosch/Robotics/Assignments/LEDactivity/install/led_interfaces/include/led_interfaces/led_interfaces/srv/detail/set_led__builder.hpp
[0.460s] -- Up-to-date symlink: /home/roboff/documents/varsityWork/Stellenbosch/Robotics/Assignments/LEDactivity/install/led_interfaces/include/led_interfaces/led_interfaces/srv/detail/set_led__struct.hpp
[0.461s] -- Up-to-date symlink: /home/roboff/documents/varsityWork/Stellenbosch/Robotics/Assignments/LEDactivity/install/led_interfaces/include/led_interfaces/led_interfaces/srv/detail/set_led__traits.hpp
[0.461s] -- Up-to-date symlink: /home/roboff/documents/varsityWork/Stellenbosch/Robotics/Assignments/LEDactivity/install/led_interfaces/include/led_interfaces/led_interfaces/srv/detail/set_led__type_support.hpp
[0.461s] -- Up-to-date symlink: /home/roboff/documents/varsityWork/Stellenbosch/Robotics/Assignments/LEDactivity/install/led_interfaces/include/led_interfaces/led_interfaces/srv/set_led.hpp
[0.463s] -- Up-to-date symlink: /home/roboff/documents/varsityWork/Stellenbosch/Robotics/Assignments/LEDactivity/install/led_interfaces/include/led_interfaces/led_interfaces/msg/detail/led_panel_state__rosidl_typesupport_fastrtps_cpp.hpp
[0.464s] -- Up-to-date symlink: /home/roboff/documents/varsityWork/Stellenbosch/Robotics/Assignments/LEDactivity/install/led_interfaces/include/led_interfaces/led_interfaces/msg/rosidl_typesupport_fastrtps_cpp__visibility_control.h
[0.464s] -- Up-to-date symlink: /home/roboff/documents/varsityWork/Stellenbosch/Robotics/Assignments/LEDactivity/install/led_interfaces/include/led_interfaces/led_interfaces/srv/detail/set_led__rosidl_typesupport_fastrtps_cpp.hpp
[0.465s] -- Up-to-date symlink: /home/roboff/documents/varsityWork/Stellenbosch/Robotics/Assignments/LEDactivity/install/led_interfaces/include/led_interfaces/led_interfaces/msg/detail/led_panel_state__rosidl_typesupport_introspection_cpp.hpp
[0.466s] -- Up-to-date symlink: /home/roboff/documents/varsityWork/Stellenbosch/Robotics/Assignments/LEDactivity/install/led_interfaces/include/led_interfaces/led_interfaces/srv/detail/set_led__rosidl_typesupport_introspection_cpp.hpp
[0.466s] -- Up-to-date symlink: /home/roboff/documents/varsityWork/Stellenbosch/Robotics/Assignments/LEDactivity/install/led_interfaces/share/led_interfaces/environment/pythonpath.sh
[0.466s] -- Up-to-date symlink: /home/roboff/documents/varsityWork/Stellenbosch/Robotics/Assignments/LEDactivity/install/led_interfaces/share/led_interfaces/environment/pythonpath.dsv
[0.467s] -- Up-to-date symlink: /home/roboff/documents/varsityWork/Stellenbosch/Robotics/Assignments/LEDactivity/install/led_interfaces/lib/python3.12/site-packages/led_interfaces-0.0.0-py3.12.egg-info/PKG-INFO
[0.467s] -- Up-to-date symlink: /home/roboff/documents/varsityWork/Stellenbosch/Robotics/Assignments/LEDactivity/install/led_interfaces/lib/python3.12/site-packages/led_interfaces-0.0.0-py3.12.egg-info/SOURCES.txt
[0.468s] -- Up-to-date symlink: /home/roboff/documents/varsityWork/Stellenbosch/Robotics/Assignments/LEDactivity/install/led_interfaces/lib/python3.12/site-packages/led_interfaces-0.0.0-py3.12.egg-info/dependency_links.txt
[0.468s] -- Up-to-date symlink: /home/roboff/documents/varsityWork/Stellenbosch/Robotics/Assignments/LEDactivity/install/led_interfaces/lib/python3.12/site-packages/led_interfaces-0.0.0-py3.12.egg-info/top_level.txt
[0.469s] -- Up-to-date symlink: /home/roboff/documents/varsityWork/Stellenbosch/Robotics/Assignments/LEDactivity/install/led_interfaces/lib/python3.12/site-packages/led_interfaces/__init__.py
[0.469s] -- Up-to-date symlink: /home/roboff/documents/varsityWork/Stellenbosch/Robotics/Assignments/LEDactivity/install/led_interfaces/lib/python3.12/site-packages/led_interfaces/_led_interfaces_s.ep.rosidl_typesupport_c.c
[0.469s] -- Up-to-date symlink: /home/roboff/documents/varsityWork/Stellenbosch/Robotics/Assignments/LEDactivity/install/led_interfaces/lib/python3.12/site-packages/led_interfaces/_led_interfaces_s.ep.rosidl_typesupport_fastrtps_c.c
[0.470s] -- Up-to-date symlink: /home/roboff/documents/varsityWork/Stellenbosch/Robotics/Assignments/LEDactivity/install/led_interfaces/lib/python3.12/site-packages/led_interfaces/_led_interfaces_s.ep.rosidl_typesupport_introspection_c.c
[0.470s] -- Up-to-date symlink: /home/roboff/documents/varsityWork/Stellenbosch/Robotics/Assignments/LEDactivity/install/led_interfaces/lib/python3.12/site-packages/led_interfaces/led_interfaces_s__rosidl_typesupport_c.so
[0.470s] -- Up-to-date symlink: /home/roboff/documents/varsityWork/Stellenbosch/Robotics/Assignments/LEDactivity/install/led_interfaces/lib/python3.12/site-packages/led_interfaces/led_interfaces_s__rosidl_typesupport_fastrtps_c.so
[0.471s] -- Up-to-date symlink: /home/roboff/documents/varsityWork/Stellenbosch/Robotics/Assignments/LEDactivity/install/led_interfaces/lib/python3.12/site-packages/led_interfaces/led_interfaces_s__rosidl_typesupport_introspection_c.so
[0.471s] -- Up-to-date symlink: /home/roboff/documents/varsityWork/Stellenbosch/Robotics/Assignments/LEDactivity/install/led_interfaces/lib/python3.12/site-packages/led_interfaces/msg/__init__.py
[0.471s] -- Up-to-date symlink: /home/roboff/documents/varsityWork/Stellenbosch/Robotics/Assignments/LEDactivity/install/led_interfaces/lib/python3.12/site-packages/led_interfaces/msg/_led_panel_state.py
[0.472s] -- Up-to-date symlink: /home/roboff/documents/varsityWork/Stellenbosch/Robotics/Assignments/LEDactivity/install/led_interfaces/lib/python3.12/site-packages/led_interfaces/msg/_led_panel_state_s.c
[0.472s] -- Up-to-date symlink: /home/roboff/documents/varsityWork/Stellenbosch/Robotics/Assignments/LEDactivity/install/led_interfaces/lib/python3.12/site-packages/led_interfaces/srv/__init__.py
[0.472s] -- Up-to-date symlink: /home/roboff/documents/varsityWork/Stellenbosch/Robotics/Assignments/LEDactivity/install/led_interfaces/lib/python3.12/site-packages/led_interfaces/srv/_set_led.py
[0.473s] -- Up-to-date symlink: /home/roboff/documents/varsityWork/Stellenbosch/Robotics/Assignments/LEDactivity/install/led_interfaces/lib/python3.12/site-packages/led_interfaces/srv/_set_led_s.c
[0.473s] -- Up-to-date symlink: /home/roboff/documents/varsityWork/Stellenbosch/Robotics/Assignments/LEDactivity/install/led_interfaces/lib/python3.12/site-packages/led_interfaces/led_interfaces_s__rosidl_typesupport_fastrtps_c.so
[0.474s] -- Up-to-date symlink: /home/roboff/documents/varsityWork/Stellenbosch/Robotics/Assignments/LEDactivity/install/led_interfaces/lib/python3.12/site-packages/led_interfaces/led_interfaces_s__rosidl_typesupport_introspection_c.so
[0.474s] -- Up-to-date symlink: /home/roboff/documents/varsityWork/Stellenbosch/Robotics/Assignments/LEDactivity/install/led_interfaces/lib/python3.12/site-packages/led_interfaces/led_interfaces_s__rosidl_typesupport_c.so
[0.474s] -- Up-to-date symlink: /home/roboff/documents/varsityWork/Stellenbosch/Robotics/Assignments/LEDactivity/install/led_interfaces/share/led_interfaces/msg/LedPanelState.idl
[0.475s] -- Up-to-date symlink: /home/roboff/documents/varsityWork/Stellenbosch/Robotics/Assignments/LEDactivity/install/led_interfaces/share/led_interfaces/srv/SetLED.idl
[0.475s] -- Up-to-date symlink: /home/roboff/documents/varsityWork/Stellenbosch/Robotics/Assignments/LEDactivity/install/led_interfaces/share/led_interfaces/msg/LedPanelState.msg
[0.476s] -- Up-to-date symlink: /home/roboff/documents/varsityWork/Stellenbosch/Robotics/Assignments/LEDactivity/install/led_interfaces/share/led_interfaces/srv/SetLED.srv
[0.476s] -- Up-to-date symlink: /home/roboff/documents/varsityWork/Stellenbosch/Robotics/Assignments/LEDactivity/install/led_interfaces/share/ament_index/resource_index/package_run_dependencies/led_interfaces
[0.476s] -- Up-to-date symlink: /home/roboff/documents/varsityWork/Stellenbosch/Robotics/Assignments/LEDactivity/install/led_interfaces/share/ament_index/resource_index/parent_prefix_path/led_interfaces
[0.477s] -- Up-to-date symlink: /home/roboff/documents/varsityWork/Stellenbosch/Robotics/Assignments/LEDactivity/install/led_interfaces/share/led_interfaces/environment/ament_prefix_path.sh
[0.477s] -- Up-to-date symlink: /home/roboff/documents/varsityWork/Stellenbosch/Robotics/Assignments/LEDactivity/install/led_interfaces/share/led_interfaces/environment/ament_prefix_path.dsv
[0.477s] -- Up-to-date symlink: /home/roboff/documents/varsityWork/Stellenbosch/Robotics/Assignments/LEDactivity/install/led_interfaces/share/led_interfaces/environment/path.sh
[0.478s] -- Up-to-date symlink: /home/roboff/documents/varsityWork/Stellenbosch/Robotics/Assignments/LEDactivity/install/led_interfaces/share/led_interfaces/environment/path.dsv
[0.478s] -- Up-to-date symlink: /home/roboff/documents/varsityWork/Stellenbosch/Robotics/Assignments/LEDactivity/install/led_interfaces/share/led_interfaces/local_setup.bash
[0.478s] -- Up-to-date symlink: /home/roboff/documents/varsityWork/Stellenbosch/Robotics/Assignments/LEDactivity/install/led_interfaces/share/led_interfaces/local_setup.sh
[0.479s] -- Up-to-date symlink: /home/roboff/documents/varsityWork/Stellenbosch/Robotics/Assignments/LEDactivity/install/led_interfaces/share/led_interfaces/local_setup.zsh
[0.479s] -- Up-to-date symlink: /home/roboff/documents/varsityWork/Stellenbosch/Robotics/Assignments/LEDactivity/install/led_interfaces/share/led_interfaces/local_setup.dsv
[0.479s] -- Symlinking: /home/roboff/documents/varsityWork/Stellenbosch/Robotics/Assignments/LEDactivity/install/led_interfaces/share/led_interfaces/package.dsv
[0.489s] -- Up-to-date symlink: /home/roboff/documents/varsityWork/Stellenbosch/Robotics/Assignments/LEDactivity/install/led_interfaces/share/ament_index/resource_index/packages/led_interfaces
[0.489s] -- Up-to-date symlink: /home/roboff/documents/varsityWork/Stellenbosch/Robotics/Assignments/LEDactivity/install/led_interfaces/share/led_interfaces/cmake/rosidl_cmake-extras.cmake
[0.489s] -- Up-to-date symlink: /home/roboff/documents/varsityWork/Stellenbosch/Robotics/Assignments/LEDactivity/install/led_interfaces/share/led_interfaces/cmake/ament_cmake_export_dependencies-extras.cmake
[0.490s] -- Up-to-date symlink: /home/roboff/documents/varsityWork/Stellenbosch/Robotics/Assignments/LEDactivity/install/led_interfaces/share/led_interfaces/cmake/ament_cmake_export_include_directories-extras.cmake
[0.490s] -- Up-to-date symlink: /home/roboff/documents/varsityWork/Stellenbosch/Robotics/Assignments/LEDactivity/install/led_interfaces/share/led_interfaces/cmake/ament_cmake_export_libraries-extras.cmake
[0.491s] -- Up-to-date symlink: /home/roboff/documents/varsityWork/Stellenbosch/Robotics/Assignments/LEDactivity/install/led_interfaces/share/led_interfaces/cmake/ament_cmake_export_targets-extras.cmake
[0.491s] -- Up-to-date symlink: /home/roboff/documents/varsityWork/Stellenbosch/Robotics/Assignments/LEDactivity/install/led_interfaces/share/led_interfaces/cmake/rosidl_cmake_export_typesupport_targets-extras.cmake
[0.491s] -- Up-to-date symlink: /home/roboff/documents/varsityWork/Stellenbosch/Robotics/Assignments/LEDactivity/install/led_interfaces/share/led_interfaces/cmake/rosidl_cmake_export_typesupport_libraries-extras.cmake
[0.492s] -- Up-to-date symlink: /home/roboff/documents/varsityWork/Stellenbosch/Robotics/Assignments/LEDactivity/install/led_interfaces/share/led_interfaces/cmake/led_interfacesConfig.cmake
[0.492s] -- Up-to-date symlink: /home/roboff/documents/varsityWork/Stellenbosch/Robotics/Assignments/LEDactivity/install/led_interfaces/share/led_interfaces/cmake/led_interfacesConfig-version.cmake
[0.492s] -- Up-to-date symlink: /home/roboff/documents/varsityWork/Stellenbosch/Robotics/Assignments/LEDactivity/install/led_interfaces/share/led_interfaces/package.xml
[0.493s] -- Up-to-date: /home/roboff/documents/varsityWork/Stellenbosch/Robotics/Assignments/LEDactivity/install/led_interfaces/lib/libled_interfaces__rosidl_generator_c.so
[0.494s] -- Up-to-date: /home/roboff/documents/varsityWork/Stellenbosch/Robotics/Assignments/LEDactivity/install/led_interfaces/lib/libled_interfaces__rosidl_typesupport_fastrtps_c.so
[0.495s] -- Up-to-date: /home/roboff/documents/varsityWork/Stellenbosch/Robotics/Assignments/LEDactivity/install/led_interfaces/lib/libled_interfaces__rosidl_typesupport_introspection_c.so
[0.496s] -- Up-to-date: /home/roboff/documents/varsityWork/Stellenbosch/Robotics/Assignments/LEDactivity/install/led_interfaces/lib/libled_interfaces__rosidl_typesupport_c.so
[0.496s] -- Up-to-date: /home/roboff/documents/varsityWork/Stellenbosch/Robotics/Assignments/LEDactivity/install/led_interfaces/lib/libled_interfaces__rosidl_typesupport_fastrtps_cpp.so
[0.497s] -- Up-to-date: /home/roboff/documents/varsityWork/Stellenbosch/Robotics/Assignments/LEDactivity/install/led_interfaces/lib/libled_interfaces__rosidl_typesupport_introspection_cpp.so
[0.498s] -- Up-to-date: /home/roboff/documents/varsityWork/Stellenbosch/Robotics/Assignments/LEDactivity/install/led_interfaces/lib/libled_interfaces__rosidl_typesupport_cpp.so
[0.531s] Listing '/home/roboff/documents/varsityWork/Stellenbosch/Robotics/Assignments/LEDactivity/install/led_interfaces/lib/python3.12/site-packages/led_interfaces'...
[0.531s] Listing '/home/roboff/documents/varsityWork/Stellenbosch/Robotics/Assignments/LEDactivity/install/led_interfaces/lib/python3.12/site-packages/led_interfaces/msg'...
[0.531s] Listing '/home/roboff/documents/varsityWork/Stellenbosch/Robotics/Assignments/LEDactivity/install/led_interfaces/lib/python3.12/site-packages/led_interfaces/srv'...
[0.536s] -- Up-to-date: /home/roboff/documents/varsityWork/Stellenbosch/Robotics/Assignments/LEDactivity/install/led_interfaces/lib/libled_interfaces__rosidl_generator_py.so
[0.536s] -- Up-to-date: /home/roboff/documents/varsityWork/Stellenbosch/Robotics/Assignments/LEDactivity/install/led_interfaces/share/led_interfaces/cmake/export_led_interfaces__rosidl_generator_cExport.cmake
[0.536s] -- Up-to-date: /home/roboff/documents/varsityWork/Stellenbosch/Robotics/Assignments/LEDactivity/install/led_interfaces/share/led_interfaces/cmake/export_led_interfaces__rosidl_generator_cExport-noconfig.cmake
[0.537s] -- Up-to-date: /home/roboff/documents/varsityWork/Stellenbosch/Robotics/Assignments/LEDactivity/install/led_interfaces/share/led_interfaces/cmake/export_led_interfaces__rosidl_typesupport_fastrtps_cExport.cmake
[0.537s] -- Up-to-date: /home/roboff/documents/varsityWork/Stellenbosch/Robotics/Assignments/LEDactivity/install/led_interfaces/share/led_interfaces/cmake/export_led_interfaces__rosidl_typesupport_fastrtps_cExport-noconfig.cmake
[0.538s] -- Up-to-date: /home/roboff/documents/varsityWork/Stellenbosch/Robotics/Assignments/LEDactivity/install/led_interfaces/share/led_interfaces/cmake/led_interfaces__rosidl_typesupport_introspection_cExport.cmake
[0.538s] -- Up-to-date: /home/roboff/documents/varsityWork/Stellenbosch/Robotics/Assignments/LEDactivity/install/led_interfaces/share/led_interfaces/cmake/led_interfaces__rosidl_typesupport_introspection_cExport-noconfig.cmake
[0.538s] -- Up-to-date: /home/roboff/documents/varsityWork/Stellenbosch/Robotics/Assignments/LEDactivity/install/led_interfaces/share/led_interfaces/cmake/led_interfaces__rosidl_typesupport_cExport.cmake
[0.538s] -- Up-to-date: /home/roboff/documents/varsityWork/Stellenbosch/Robotics/Assignments/LEDactivity/install/led_interfaces/share/led_interfaces/cmake/led_interfaces__rosidl_typesupport_cExport-noconfig.cmake
[0.539s] -- Up-to-date: /home/roboff/documents/varsityWork/Stellenbosch/Robotics/Assignments/LEDactivity/install/led_interfaces/share/led_interfaces/cmake/export_led_interfaces__rosidl_generator_cppExport.cmake
[0.540s] -- Up-to-date: /home/roboff/documents/varsityWork/Stellenbosch/Robotics/Assignments/LEDactivity/install/led_interfaces/share/led_interfaces/cmake/export_led_interfaces__rosidl_typesupport_fastrtps_cppExport.cmake
[0.540s] -- Up-to-date: /home/roboff/documents/varsityWork/Stellenbosch/Robotics/Assignments/LEDactivity/install/led_interfaces/share/led_interfaces/cmake/export_led_interfaces__rosidl_typesupport_fastrtps_cppExport-noconfig.cmake
[0.540s] -- Up-to-date: /home/roboff/documents/varsityWork/Stellenbosch/Robotics/Assignments/LEDactivity/install/led_interfaces/share/led_interfaces/cmake/led_interfaces__rosidl_typesupport_introspection_cppExport.cmake
[0.540s] -- Up-to-date: /home/roboff/documents/varsityWork/Stellenbosch/Robotics/Assignments/LEDactivity/install/led_interfaces/share/led_interfaces/cmake/led_interfaces__rosidl_typesupport_introspection_cppExport-noconfig.cmake
[0.541s] -- Up-to-date: /home/roboff/documents/varsityWork/Stellenbosch/Robotics/Assignments/LEDactivity/install/led_interfaces/share/led_interfaces/cmake/led_interfaces__rosidl_typesupport_cppExport.cmake
[0.541s] -- Up-to-date: /home/roboff/documents/varsityWork/Stellenbosch/Robotics/Assignments/LEDactivity/install/led_interfaces/share/led_interfaces/cmake/led_interfaces__rosidl_typesupport_cppExport-noconfig.cmake
[0.541s] -- Up-to-date: /home/roboff/documents/varsityWork/Stellenbosch/Robotics/Assignments/LEDactivity/install/led_interfaces/share/led_interfaces/cmake/export_led_interfaces__rosidl_generator_pyExport.cmake
[0.541s] -- Up-to-date: /home/roboff/documents/varsityWork/Stellenbosch/Robotics/Assignments/LEDactivity/install/led_interfaces/share/led_interfaces/cmake/export_led_interfaces__rosidl_generator_pyExport-noconfig.cmake
[0.544s] Invoked command in '/home/roboff/documents/varsityWork/Stellenbosch/Robotics/Assignments/LEDactivity/build/led_interfaces' returned '0': CMAKE_PREFIX_PATH=${CMAKE_PREFIX_PATH}:/home/roboff/documents/varsityWork/Stellenbosch/Robotics/Assignments/LEDactivity/install/led_pkg:/home/roboff/documents/varsityWork/Stellenbosch/Robotics/Assignments/Tester/install/tester_pkg:/opt/ros/jazzy /usr/bin/cmake --install /home/roboff/documents/varsityWork/Stellenbosch/Robotics/Assignments/LEDactivity/build/led_interfaces
