[0.548s] DEBUG:colcon:Command line arguments: ['/usr/bin/colcon', 'build']
[0.548s] DEBUG:colcon:Parsed command line arguments: Namespace(log_base=None, log_level=None, verb_name='build', build_base='build', install_base='install', merge_install=False, symlink_install=False, test_result_base=None, continue_on_error=False, executor='parallel', parallel_workers=16, event_handlers=None, ignore_user_meta=False, metas=['./colcon.meta'], base_paths=['.'], packages_ignore=None, packages_ignore_regex=None, paths=None, packages_up_to=None, packages_up_to_regex=None, packages_above=None, packages_above_and_dependencies=None, packages_above_depth=None, packages_select_by_dep=None, packages_skip_by_dep=None, packages_skip_up_to=None, packages_select_build_failed=False, packages_skip_build_finished=False, packages_select_test_failures=False, packages_skip_test_passed=False, packages_select=None, packages_skip=None, packages_select_regex=None, packages_skip_regex=None, packages_start=None, packages_end=None, allow_overriding=[], cmake_args=None, cmake_target=None, cmake_target_skip_unavailable=False, cmake_clean_cache=False, cmake_clean_first=False, cmake_force_configure=False, ament_cmake_args=None, catkin_cmake_args=None, catkin_skip_building_tests=False, mixin_files=None, mixin=None, verb_parser=<colcon_mixin.mixin.mixin_argument.MixinArgumentDecorator object at 0x7f0acbb3eb40>, verb_extension=<colcon_core.verb.build.BuildVerb object at 0x7f0acbb3e930>, main=<bound method BuildVerb.main of <colcon_core.verb.build.BuildVerb object at 0x7f0acbb3e930>>, mixin_verb=('build',))
[0.621s] Level 1:colcon.colcon_core.package_discovery:discover_packages(colcon_meta) check parameters
[0.621s] Level 1:colcon.colcon_core.package_discovery:discover_packages(recursive) check parameters
[0.621s] Level 1:colcon.colcon_core.package_discovery:discover_packages(ignore) check parameters
[0.621s] Level 1:colcon.colcon_core.package_discovery:discover_packages(path) check parameters
[0.621s] Level 1:colcon.colcon_core.package_discovery:discover_packages(colcon_meta) discover
[0.621s] Level 1:colcon.colcon_core.package_discovery:discover_packages(recursive) discover
[0.621s] INFO:colcon.colcon_core.package_discovery:Crawling recursively for packages in '/home/roboff/documents/varsityWork/Stellenbosch/Robotics/Assignments/A1'
[0.622s] Level 1:colcon.colcon_core.package_identification:_identify(.) by extensions ['ignore', 'ignore_ament_install']
[0.622s] Level 1:colcon.colcon_core.package_identification:_identify(.) by extension 'ignore'
[0.622s] Level 1:colcon.colcon_core.package_identification:_identify(.) by extension 'ignore_ament_install'
[0.622s] Level 1:colcon.colcon_core.package_identification:_identify(.) by extensions ['colcon_pkg']
[0.622s] Level 1:colcon.colcon_core.package_identification:_identify(.) by extension 'colcon_pkg'
[0.622s] Level 1:colcon.colcon_core.package_identification:_identify(.) by extensions ['colcon_meta']
[0.622s] Level 1:colcon.colcon_core.package_identification:_identify(.) by extension 'colcon_meta'
[0.622s] Level 1:colcon.colcon_core.package_identification:_identify(.) by extensions ['ros']
[0.623s] Level 1:colcon.colcon_core.package_identification:_identify(.) by extension 'ros'
[0.680s] Level 1:colcon.colcon_core.package_identification:_identify(.) by extensions ['cmake', 'python']
[0.680s] Level 1:colcon.colcon_core.package_identification:_identify(.) by extension 'cmake'
[0.680s] Level 1:colcon.colcon_core.package_identification:_identify(.) by extension 'python'
[0.680s] Level 1:colcon.colcon_core.package_identification:_identify(.) by extensions ['python_setup_py']
[0.680s] Level 1:colcon.colcon_core.package_identification:_identify(.) by extension 'python_setup_py'
[0.680s] Level 1:colcon.colcon_core.package_identification:_identify(build) by extensions ['ignore', 'ignore_ament_install']
[0.681s] Level 1:colcon.colcon_core.package_identification:_identify(build) by extension 'ignore'
[0.681s] Level 1:colcon.colcon_core.package_identification:_identify(build) ignored
[0.681s] Level 1:colcon.colcon_core.package_identification:_identify(install) by extensions ['ignore', 'ignore_ament_install']
[0.681s] Level 1:colcon.colcon_core.package_identification:_identify(install) by extension 'ignore'
[0.682s] Level 1:colcon.colcon_core.package_identification:_identify(install) ignored
[0.682s] Level 1:colcon.colcon_core.package_identification:_identify(log) by extensions ['ignore', 'ignore_ament_install']
[0.682s] Level 1:colcon.colcon_core.package_identification:_identify(log) by extension 'ignore'
[0.682s] Level 1:colcon.colcon_core.package_identification:_identify(log) ignored
[0.683s] Level 1:colcon.colcon_core.package_identification:_identify(src) by extensions ['ignore', 'ignore_ament_install']
[0.683s] Level 1:colcon.colcon_core.package_identification:_identify(src) by extension 'ignore'
[0.683s] Level 1:colcon.colcon_core.package_identification:_identify(src) by extension 'ignore_ament_install'
[0.683s] Level 1:colcon.colcon_core.package_identification:_identify(src) by extensions ['colcon_pkg']
[0.683s] Level 1:colcon.colcon_core.package_identification:_identify(src) by extension 'colcon_pkg'
[0.683s] Level 1:colcon.colcon_core.package_identification:_identify(src) by extensions ['colcon_meta']
[0.683s] Level 1:colcon.colcon_core.package_identification:_identify(src) by extension 'colcon_meta'
[0.684s] Level 1:colcon.colcon_core.package_identification:_identify(src) by extensions ['ros']
[0.684s] Level 1:colcon.colcon_core.package_identification:_identify(src) by extension 'ros'
[0.684s] Level 1:colcon.colcon_core.package_identification:_identify(src) by extensions ['cmake', 'python']
[0.684s] Level 1:colcon.colcon_core.package_identification:_identify(src) by extension 'cmake'
[0.684s] Level 1:colcon.colcon_core.package_identification:_identify(src) by extension 'python'
[0.684s] Level 1:colcon.colcon_core.package_identification:_identify(src) by extensions ['python_setup_py']
[0.684s] Level 1:colcon.colcon_core.package_identification:_identify(src) by extension 'python_setup_py'
[0.685s] Level 1:colcon.colcon_core.package_identification:_identify(src/turtlesim_pkg) by extensions ['ignore', 'ignore_ament_install']
[0.685s] Level 1:colcon.colcon_core.package_identification:_identify(src/turtlesim_pkg) by extension 'ignore'
[0.685s] Level 1:colcon.colcon_core.package_identification:_identify(src/turtlesim_pkg) by extension 'ignore_ament_install'
[0.685s] Level 1:colcon.colcon_core.package_identification:_identify(src/turtlesim_pkg) by extensions ['colcon_pkg']
[0.686s] Level 1:colcon.colcon_core.package_identification:_identify(src/turtlesim_pkg) by extension 'colcon_pkg'
[0.686s] Level 1:colcon.colcon_core.package_identification:_identify(src/turtlesim_pkg) by extensions ['colcon_meta']
[0.686s] Level 1:colcon.colcon_core.package_identification:_identify(src/turtlesim_pkg) by extension 'colcon_meta'
[0.686s] Level 1:colcon.colcon_core.package_identification:_identify(src/turtlesim_pkg) by extensions ['ros']
[0.686s] Level 1:colcon.colcon_core.package_identification:_identify(src/turtlesim_pkg) by extension 'ros'
[0.691s] DEBUG:colcon.colcon_core.package_identification:Package 'src/turtlesim_pkg' with type 'ros.ament_python' and name 'turtlesim_pkg'
[0.692s] Level 1:colcon.colcon_core.package_discovery:discover_packages(recursive) using defaults
[0.692s] Level 1:colcon.colcon_core.package_discovery:discover_packages(ignore) discover
[0.692s] Level 1:colcon.colcon_core.package_discovery:discover_packages(ignore) using defaults
[0.692s] Level 1:colcon.colcon_core.package_discovery:discover_packages(path) discover
[0.692s] Level 1:colcon.colcon_core.package_discovery:discover_packages(path) using defaults
[0.727s] Level 1:colcon.colcon_core.package_discovery:discover_packages(prefix_path) check parameters
[0.727s] Level 1:colcon.colcon_core.package_discovery:discover_packages(prefix_path) discover
[0.730s] DEBUG:colcon.colcon_installed_package_information.package_discovery:Found 3 installed packages in /home/roboff/documents/varsityWork/Stellenbosch/Robotics/Assignments/Tester/install
[0.731s] DEBUG:colcon.colcon_installed_package_information.package_discovery:Found 2 installed packages in /home/roboff/documents/varsityWork/Stellenbosch/Robotics/Assignments/LEDactivity/install
[0.734s] DEBUG:colcon.colcon_installed_package_information.package_discovery:Found 285 installed packages in /opt/ros/jazzy
[0.736s] Level 1:colcon.colcon_core.package_discovery:discover_packages(prefix_path) using defaults
[0.824s] Level 5:colcon.colcon_core.verb:set package 'turtlesim_pkg' build argument 'cmake_args' from command line to 'None'
[0.824s] Level 5:colcon.colcon_core.verb:set package 'turtlesim_pkg' build argument 'cmake_target' from command line to 'None'
[0.824s] Level 5:colcon.colcon_core.verb:set package 'turtlesim_pkg' build argument 'cmake_target_skip_unavailable' from command line to 'False'
[0.824s] Level 5:colcon.colcon_core.verb:set package 'turtlesim_pkg' build argument 'cmake_clean_cache' from command line to 'False'
[0.824s] Level 5:colcon.colcon_core.verb:set package 'turtlesim_pkg' build argument 'cmake_clean_first' from command line to 'False'
[0.824s] Level 5:colcon.colcon_core.verb:set package 'turtlesim_pkg' build argument 'cmake_force_configure' from command line to 'False'
[0.824s] Level 5:colcon.colcon_core.verb:set package 'turtlesim_pkg' build argument 'ament_cmake_args' from command line to 'None'
[0.824s] Level 5:colcon.colcon_core.verb:set package 'turtlesim_pkg' build argument 'catkin_cmake_args' from command line to 'None'
[0.824s] Level 5:colcon.colcon_core.verb:set package 'turtlesim_pkg' build argument 'catkin_skip_building_tests' from command line to 'False'
[0.824s] DEBUG:colcon.colcon_core.verb:Building package 'turtlesim_pkg' with the following arguments: {'ament_cmake_args': None, 'build_base': '/home/roboff/documents/varsityWork/Stellenbosch/Robotics/Assignments/A1/build/turtlesim_pkg', 'catkin_cmake_args': None, 'catkin_skip_building_tests': False, 'cmake_args': None, 'cmake_clean_cache': False, 'cmake_clean_first': False, 'cmake_force_configure': False, 'cmake_target': None, 'cmake_target_skip_unavailable': False, 'install_base': '/home/roboff/documents/varsityWork/Stellenbosch/Robotics/Assignments/A1/install/turtlesim_pkg', 'merge_install': False, 'path': '/home/roboff/documents/varsityWork/Stellenbosch/Robotics/Assignments/A1/src/turtlesim_pkg', 'symlink_install': False, 'test_result_base': None}
[0.825s] INFO:colcon.colcon_core.executor:Executing jobs using 'parallel' executor
[0.827s] DEBUG:colcon.colcon_parallel_executor.executor.parallel:run_until_complete
[0.827s] INFO:colcon.colcon_ros.task.ament_python.build:Building ROS package in '/home/roboff/documents/varsityWork/Stellenbosch/Robotics/Assignments/A1/src/turtlesim_pkg' with build type 'ament_python'
[0.828s] Level 1:colcon.colcon_core.shell:create_environment_hook('turtlesim_pkg', 'ament_prefix_path')
[0.832s] INFO:colcon.colcon_core.plugin_system:Skipping extension 'colcon_core.shell.bat': Not used on non-Windows systems
[0.833s] INFO:colcon.colcon_core.shell:Creating environment hook '/home/roboff/documents/varsityWork/Stellenbosch/Robotics/Assignments/A1/install/turtlesim_pkg/share/turtlesim_pkg/hook/ament_prefix_path.ps1'
[0.835s] INFO:colcon.colcon_core.shell:Creating environment descriptor '/home/roboff/documents/varsityWork/Stellenbosch/Robotics/Assignments/A1/install/turtlesim_pkg/share/turtlesim_pkg/hook/ament_prefix_path.dsv'
[0.836s] INFO:colcon.colcon_core.shell:Creating environment hook '/home/roboff/documents/varsityWork/Stellenbosch/Robotics/Assignments/A1/install/turtlesim_pkg/share/turtlesim_pkg/hook/ament_prefix_path.sh'
[0.838s] INFO:colcon.colcon_core.shell:Skip shell extension 'powershell' for command environment: Not usable outside of PowerShell
[0.838s] DEBUG:colcon.colcon_core.shell:Skip shell extension 'dsv' for command environment
[1.307s] INFO:colcon.colcon_core.task.python.build:Building Python package in '/home/roboff/documents/varsityWork/Stellenbosch/Robotics/Assignments/A1/src/turtlesim_pkg'
[1.307s] INFO:colcon.colcon_core.shell:Skip shell extension 'powershell' for command environment: Not usable outside of PowerShell
[1.307s] DEBUG:colcon.colcon_core.shell:Skip shell extension 'dsv' for command environment
[2.604s] DEBUG:colcon.colcon_core.event_handler.log_command:Invoking command in '/home/roboff/documents/varsityWork/Stellenbosch/Robotics/Assignments/A1/src/turtlesim_pkg': PYTHONPATH=/home/roboff/documents/varsityWork/Stellenbosch/Robotics/Assignments/A1/build/turtlesim_pkg/prefix_override:/usr/lib/python3/dist-packages/colcon_core/task/python/colcon_distutils_commands:/home/roboff/documents/varsityWork/Stellenbosch/Robotics/Assignments/A1/install/turtlesim_pkg/lib/python3.12/site-packages:${PYTHONPATH} /usr/bin/python3 -W ignore:setup.py install is deprecated -W ignore:easy_install command is deprecated setup.py egg_info --egg-base ../../build/turtlesim_pkg build --build-base /home/roboff/documents/varsityWork/Stellenbosch/Robotics/Assignments/A1/build/turtlesim_pkg/build install --record /home/roboff/documents/varsityWork/Stellenbosch/Robotics/Assignments/A1/build/turtlesim_pkg/install.log --single-version-externally-managed install_data
[3.720s] DEBUG:colcon.colcon_core.event_handler.log_command:Invoked command in '/home/roboff/documents/varsityWork/Stellenbosch/Robotics/Assignments/A1/src/turtlesim_pkg' returned '0': PYTHONPATH=/home/roboff/documents/varsityWork/Stellenbosch/Robotics/Assignments/A1/build/turtlesim_pkg/prefix_override:/usr/lib/python3/dist-packages/colcon_core/task/python/colcon_distutils_commands:/home/roboff/documents/varsityWork/Stellenbosch/Robotics/Assignments/A1/install/turtlesim_pkg/lib/python3.12/site-packages:${PYTHONPATH} /usr/bin/python3 -W ignore:setup.py install is deprecated -W ignore:easy_install command is deprecated setup.py egg_info --egg-base ../../build/turtlesim_pkg build --build-base /home/roboff/documents/varsityWork/Stellenbosch/Robotics/Assignments/A1/build/turtlesim_pkg/build install --record /home/roboff/documents/varsityWork/Stellenbosch/Robotics/Assignments/A1/build/turtlesim_pkg/install.log --single-version-externally-managed install_data
[3.724s] Level 1:colcon.colcon_core.environment:checking '/home/roboff/documents/varsityWork/Stellenbosch/Robotics/Assignments/A1/install/turtlesim_pkg' for CMake module files
[3.725s] Level 1:colcon.colcon_core.environment:checking '/home/roboff/documents/varsityWork/Stellenbosch/Robotics/Assignments/A1/install/turtlesim_pkg' for CMake config files
[3.726s] Level 1:colcon.colcon_core.environment:checking '/home/roboff/documents/varsityWork/Stellenbosch/Robotics/Assignments/A1/install/turtlesim_pkg/lib'
[3.726s] Level 1:colcon.colcon_core.environment:checking '/home/roboff/documents/varsityWork/Stellenbosch/Robotics/Assignments/A1/install/turtlesim_pkg/bin'
[3.726s] Level 1:colcon.colcon_core.environment:checking '/home/roboff/documents/varsityWork/Stellenbosch/Robotics/Assignments/A1/install/turtlesim_pkg/lib/pkgconfig/turtlesim_pkg.pc'
[3.727s] Level 1:colcon.colcon_core.environment:checking '/home/roboff/documents/varsityWork/Stellenbosch/Robotics/Assignments/A1/install/turtlesim_pkg/lib/python3.12/site-packages'
[3.727s] Level 1:colcon.colcon_core.shell:create_environment_hook('turtlesim_pkg', 'pythonpath')
[3.727s] INFO:colcon.colcon_core.shell:Creating environment hook '/home/roboff/documents/varsityWork/Stellenbosch/Robotics/Assignments/A1/install/turtlesim_pkg/share/turtlesim_pkg/hook/pythonpath.ps1'
[3.728s] INFO:colcon.colcon_core.shell:Creating environment descriptor '/home/roboff/documents/varsityWork/Stellenbosch/Robotics/Assignments/A1/install/turtlesim_pkg/share/turtlesim_pkg/hook/pythonpath.dsv'
[3.729s] INFO:colcon.colcon_core.shell:Creating environment hook '/home/roboff/documents/varsityWork/Stellenbosch/Robotics/Assignments/A1/install/turtlesim_pkg/share/turtlesim_pkg/hook/pythonpath.sh'
[3.729s] Level 1:colcon.colcon_core.environment:checking '/home/roboff/documents/varsityWork/Stellenbosch/Robotics/Assignments/A1/install/turtlesim_pkg/bin'
[3.730s] Level 1:colcon.colcon_core.environment:create_environment_scripts_only(turtlesim_pkg)
[3.730s] INFO:colcon.colcon_core.shell:Creating package script '/home/roboff/documents/varsityWork/Stellenbosch/Robotics/Assignments/A1/install/turtlesim_pkg/share/turtlesim_pkg/package.ps1'
[3.731s] INFO:colcon.colcon_core.shell:Creating package descriptor '/home/roboff/documents/varsityWork/Stellenbosch/Robotics/Assignments/A1/install/turtlesim_pkg/share/turtlesim_pkg/package.dsv'
[3.732s] INFO:colcon.colcon_core.shell:Creating package script '/home/roboff/documents/varsityWork/Stellenbosch/Robotics/Assignments/A1/install/turtlesim_pkg/share/turtlesim_pkg/package.sh'
[3.733s] INFO:colcon.colcon_core.shell:Creating package script '/home/roboff/documents/varsityWork/Stellenbosch/Robotics/Assignments/A1/install/turtlesim_pkg/share/turtlesim_pkg/package.bash'
[3.734s] INFO:colcon.colcon_core.shell:Creating package script '/home/roboff/documents/varsityWork/Stellenbosch/Robotics/Assignments/A1/install/turtlesim_pkg/share/turtlesim_pkg/package.zsh'
[3.735s] Level 1:colcon.colcon_core.environment:create_file_with_runtime_dependencies(/home/roboff/documents/varsityWork/Stellenbosch/Robotics/Assignments/A1/install/turtlesim_pkg/share/colcon-core/packages/turtlesim_pkg)
[3.738s] DEBUG:colcon.colcon_parallel_executor.executor.parallel:closing loop
[3.739s] DEBUG:colcon.colcon_parallel_executor.executor.parallel:loop closed
[3.739s] DEBUG:colcon.colcon_parallel_executor.executor.parallel:run_until_complete finished with '0'
[3.739s] DEBUG:colcon.colcon_core.event_reactor:joining thread
[3.887s] INFO:colcon.colcon_core.plugin_system:Skipping extension 'colcon_notification.desktop_notification.notify_send': Could not find 'notify-send'
[3.887s] INFO:colcon.colcon_core.plugin_system:Skipping extension 'colcon_notification.desktop_notification.terminal_notifier': Not used on non-Darwin systems
[3.888s] INFO:colcon.colcon_core.plugin_system:Skipping extension 'colcon_notification.desktop_notification.win32': Not used on non-Windows systems
[3.888s] INFO:colcon.colcon_notification.desktop_notification:Sending desktop notification using 'notify2'
[3.890s] DEBUG:colcon.colcon_notification.desktop_notification.notify2:Failed to initialize notify2: org.freedesktop.DBus.Error.ServiceUnknown: The name org.freedesktop.Notifications was not provided by any .service files
[3.890s] DEBUG:colcon.colcon_core.event_reactor:joined thread
[3.891s] INFO:colcon.colcon_core.shell:Creating prefix script '/home/roboff/documents/varsityWork/Stellenbosch/Robotics/Assignments/A1/install/local_setup.ps1'
[3.892s] INFO:colcon.colcon_core.shell:Creating prefix util module '/home/roboff/documents/varsityWork/Stellenbosch/Robotics/Assignments/A1/install/_local_setup_util_ps1.py'
[3.894s] INFO:colcon.colcon_core.shell:Creating prefix chain script '/home/roboff/documents/varsityWork/Stellenbosch/Robotics/Assignments/A1/install/setup.ps1'
[3.896s] INFO:colcon.colcon_core.shell:Creating prefix script '/home/roboff/documents/varsityWork/Stellenbosch/Robotics/Assignments/A1/install/local_setup.sh'
[3.897s] INFO:colcon.colcon_core.shell:Creating prefix util module '/home/roboff/documents/varsityWork/Stellenbosch/Robotics/Assignments/A1/install/_local_setup_util_sh.py'
[3.899s] INFO:colcon.colcon_core.shell:Creating prefix chain script '/home/roboff/documents/varsityWork/Stellenbosch/Robotics/Assignments/A1/install/setup.sh'
[3.901s] INFO:colcon.colcon_core.shell:Creating prefix script '/home/roboff/documents/varsityWork/Stellenbosch/Robotics/Assignments/A1/install/local_setup.bash'
[3.902s] INFO:colcon.colcon_core.shell:Creating prefix chain script '/home/roboff/documents/varsityWork/Stellenbosch/Robotics/Assignments/A1/install/setup.bash'
[3.904s] INFO:colcon.colcon_core.shell:Creating prefix script '/home/roboff/documents/varsityWork/Stellenbosch/Robotics/Assignments/A1/install/local_setup.zsh'
[3.905s] INFO:colcon.colcon_core.shell:Creating prefix chain script '/home/roboff/documents/varsityWork/Stellenbosch/Robotics/Assignments/A1/install/setup.zsh'
